2025-04-03 19:32:29.008 [info] Experiment 'pythonRecommendTensorboardExt' is active
2025-04-03 19:32:29.008 [info] Experiment 'pythonTerminalEnvVarActivation' is active
2025-04-03 19:32:29.008 [info] Native locator: Refresh started
2025-04-03 19:32:29.008 [info] Poetry environment manager found at: /commands/poetry
2025-04-03 19:32:29.008 [info] Conda environment manager found at: /home/zeus/miniconda3/bin/conda
2025-04-03 19:32:29.008 [info] Using conda: /home/zeus/miniconda3/bin/conda
2025-04-03 19:32:29.008 [info] Native locator: Refresh finished in 213 ms
2025-04-03 19:32:29.019 [info] > /home/zeus/miniconda3/bin/conda info --json
2025-04-03 19:32:29.121 [info] > pyenv which python
2025-04-03 19:32:29.121 [info] cwd: .
2025-04-03 19:32:30.225 [info] Python interpreter path: /home/zeus/miniconda3/envs/cloudspace/bin/python
2025-04-03 19:32:41.698 [info] Starting Pylance language server.
2025-04-03 19:33:30.090 [info] Discover tests for workspace name: this_studio - uri: /teamspace/studios/this_studio/src/scripts/generate_base_prompts_new.py
2025-04-03 19:33:35.639 [info] Discover tests for workspace name: this_studio - uri: /teamspace/studios/this_studio/src/scripts/generate_base_prompts_new.py
2025-04-03 19:33:38.722 [info] Discover tests for workspace name: this_studio - uri: /teamspace/studios/this_studio/src/scripts/generate_base_prompts_new.py
2025-04-03 19:33:46.023 [info] Discover tests for workspace name: this_studio - uri: /teamspace/studios/this_studio/src/scripts/generate_base_prompts_new.py
2025-04-03 19:33:47.960 [info] Discover tests for workspace name: this_studio - uri: /teamspace/studios/this_studio/src/scripts/generate_base_prompts_new.py
2025-04-03 19:34:53.683 [info] Discover tests for workspace name: this_studio - uri: /teamspace/studios/this_studio/src/scripts/generate_base_prompts_new.py
2025-04-03 19:35:42.105 [info] Discover tests for workspace name: this_studio - uri: /teamspace/studios/this_studio/src/scripts/generate_base_prompts_new.py
2025-04-03 19:41:20.552 [info] Discover tests for workspace name: this_studio - uri: /teamspace/studios/this_studio/src/scripts/generate_base_prompts_new.py
2025-04-03 19:41:29.753 [info] Discover tests for workspace name: this_studio - uri: /teamspace/studios/this_studio/src/scripts/generate_base_prompts_new.py
2025-04-03 19:41:34.087 [info] Discover tests for workspace name: this_studio - uri: /teamspace/studios/this_studio/src/scripts/generate_base_prompts_new.py
2025-04-03 19:43:02.981 [info] Discover tests for workspace name: this_studio - uri: /teamspace/studios/this_studio/src/scripts/generate_base_prompts_new.py
2025-04-03 19:43:20.918 [info] Discover tests for workspace name: this_studio - uri: /teamspace/studios/this_studio/src/scripts/generate_base_prompts_new.py
2025-04-03 19:43:48.895 [info] Discover tests for workspace name: this_studio - uri: /teamspace/studios/this_studio/src/scripts/generate_base_prompts_new.py
2025-04-03 19:43:53.749 [info] Discover tests for workspace name: this_studio - uri: /teamspace/studios/this_studio/src/scripts/generate_base_prompts_new.py
2025-04-03 19:44:12.895 [info] Discover tests for workspace name: this_studio - uri: /teamspace/studios/this_studio/src/scripts/generate_base_prompts_new.py
2025-04-03 19:44:29.506 [info] Discover tests for workspace name: this_studio - uri: /teamspace/studios/this_studio/src/scripts/generate_base_prompts_new.py
2025-04-03 19:44:30.778 [info] Discover tests for workspace name: this_studio - uri: /teamspace/studios/this_studio/src/scripts/generate_base_prompts_new.py
2025-04-03 19:46:51.211 [info] Discover tests for workspace name: this_studio - uri: /teamspace/studios/this_studio/src/scripts/generate_base_prompts_new.py
2025-04-03 19:47:03.835 [info] Discover tests for workspace name: this_studio - uri: /teamspace/studios/this_studio/src/scripts/generate_base_prompts_new.py
2025-04-03 19:47:05.234 [info] Discover tests for workspace name: this_studio - uri: /teamspace/studios/this_studio/src/scripts/generate_base_prompts_new.py
2025-04-03 19:47:14.177 [info] Discover tests for workspace name: this_studio - uri: /teamspace/studios/this_studio/src/scripts/generate_base_prompts_new.py
2025-04-03 19:49:08.115 [info] Discover tests for workspace name: this_studio - uri: /teamspace/studios/this_studio/src/scripts/generate_base_prompts_new.py
2025-04-03 19:49:23.302 [info] Discover tests for workspace name: this_studio - uri: /teamspace/studios/this_studio/src/scripts/generate_base_prompts_new.py
2025-04-03 19:49:43.257 [info] Discover tests for workspace name: this_studio - uri: /teamspace/studios/this_studio/src/scripts/generate_base_prompts_new.py
2025-04-03 19:49:47.538 [info] Discover tests for workspace name: this_studio - uri: /teamspace/studios/this_studio/src/scripts/generate_base_prompts_new.py
2025-04-03 19:49:52.992 [info] Discover tests for workspace name: this_studio - uri: /teamspace/studios/this_studio/src/scripts/generate_base_prompts_new.py
2025-04-03 19:50:03.125 [info] Discover tests for workspace name: this_studio - uri: /teamspace/studios/this_studio/src/scripts/generate_base_prompts_new.py
2025-04-03 19:57:35.278 [info] Discover tests for workspace name: this_studio - uri: /teamspace/studios/this_studio/src/scripts/generate_base_prompts_new.py
2025-04-03 19:58:52.039 [info] Discover tests for workspace name: this_studio - uri: /teamspace/studios/this_studio/src/scripts/generate_base_prompts_new.py
2025-04-03 20:00:29.580 [info] Discover tests for workspace name: this_studio - uri: /teamspace/studios/this_studio/src/scripts/generate_base_prompts_new.py
2025-04-03 20:06:30.920 [info] Discover tests for workspace name: this_studio - uri: /teamspace/studios/this_studio/src/scripts/generate_base_prompts_new.py
2025-04-03 20:06:45.680 [info] Discover tests for workspace name: this_studio - uri: /teamspace/studios/this_studio/src/scripts/generate_base_prompts_new.py
2025-04-03 20:06:53.374 [info] Discover tests for workspace name: this_studio - uri: /teamspace/studios/this_studio/src/scripts/generate_base_prompts_new.py
2025-04-03 20:08:19.474 [info] Discover tests for workspace name: this_studio - uri: /teamspace/studios/this_studio/src/scripts/generate_base_prompts_new.py
2025-04-03 20:09:39.168 [info] Discover tests for workspace name: this_studio - uri: /teamspace/studios/this_studio/src/scripts/generate_base_prompts_new.py
2025-04-03 20:09:51.453 [info] Discover tests for workspace name: this_studio - uri: /teamspace/studios/this_studio/src/scripts/generate_base_prompts_new.py
2025-04-03 20:09:52.787 [info] Discover tests for workspace name: this_studio - uri: /teamspace/studios/this_studio/src/scripts/generate_base_prompts_new.py
2025-04-03 20:10:01.091 [info] Discover tests for workspace name: this_studio - uri: /teamspace/studios/this_studio/src/scripts/generate_base_prompts_new.py
2025-04-03 20:10:02.463 [info] Discover tests for workspace name: this_studio - uri: /teamspace/studios/this_studio/src/scripts/generate_base_prompts_new.py
2025-04-03 20:10:04.899 [info] Discover tests for workspace name: this_studio - uri: /teamspace/studios/this_studio/src/scripts/generate_base_prompts_new.py
2025-04-03 20:10:08.354 [info] Discover tests for workspace name: this_studio - uri: /teamspace/studios/this_studio/src/scripts/generate_base_prompts_new.py
2025-04-03 20:15:32.459 [info] Discover tests for workspace name: this_studio - uri: /teamspace/studios/this_studio/src/scripts/generate_base_prompts_new.py
2025-04-03 20:15:39.266 [info] Discover tests for workspace name: this_studio - uri: /teamspace/studios/this_studio/src/scripts/generate_base_prompts_new.py
2025-04-03 20:15:50.718 [info] Discover tests for workspace name: this_studio - uri: /teamspace/studios/this_studio/src/scripts/generate_base_prompts_new.py
2025-04-03 20:16:19.124 [info] Discover tests for workspace name: this_studio - uri: /teamspace/studios/this_studio/src/scripts/generate_base_prompts_new.py
2025-04-03 20:17:32.328 [info] Discover tests for workspace name: this_studio - uri: /teamspace/studios/this_studio/src/scripts/generate_base_prompts_new.py
2025-04-03 20:17:35.411 [info] Discover tests for workspace name: this_studio - uri: /teamspace/studios/this_studio/src/scripts/generate_base_prompts_new.py
2025-04-03 20:17:37.153 [info] Discover tests for workspace name: this_studio - uri: /teamspace/studios/this_studio/src/scripts/generate_base_prompts_new.py
2025-04-03 20:19:38.418 [info] Discover tests for workspace name: this_studio - uri: /teamspace/studios/this_studio/src/scripts/generate_base_prompts_new.py
2025-04-03 20:19:43.917 [info] Discover tests for workspace name: this_studio - uri: /teamspace/studios/this_studio/src/scripts/generate_base_prompts_new.py
2025-04-03 20:19:46.600 [info] Discover tests for workspace name: this_studio - uri: /teamspace/studios/this_studio/src/scripts/generate_base_prompts_new.py
2025-04-03 20:19:48.715 [info] Discover tests for workspace name: this_studio - uri: /teamspace/studios/this_studio/src/scripts/generate_base_prompts_new.py
2025-04-03 20:19:54.011 [info] Discover tests for workspace name: this_studio - uri: /teamspace/studios/this_studio/src/scripts/generate_base_prompts_new.py
2025-04-03 20:20:03.800 [info] Discover tests for workspace name: this_studio - uri: /teamspace/studios/this_studio/src/scripts/generate_base_prompts_new.py
2025-04-03 20:21:46.880 [info] Discover tests for workspace name: this_studio - uri: /teamspace/studios/this_studio/src/scripts/generate_base_prompts_new.py
2025-04-03 20:21:55.750 [info] Discover tests for workspace name: this_studio - uri: /teamspace/studios/this_studio/src/scripts/generate_base_prompts_new.py
2025-04-03 20:22:00.945 [info] Discover tests for workspace name: this_studio - uri: /teamspace/studios/this_studio/src/scripts/generate_base_prompts_new.py
2025-04-03 20:22:05.908 [info] Discover tests for workspace name: this_studio - uri: /teamspace/studios/this_studio/src/scripts/generate_base_prompts_new.py
2025-04-03 20:22:08.531 [info] Discover tests for workspace name: this_studio - uri: /teamspace/studios/this_studio/src/scripts/generate_base_prompts_new.py
2025-04-03 20:22:44.852 [info] Discover tests for workspace name: this_studio - uri: /teamspace/studios/this_studio/src/scripts/generate_base_prompts_new.py
2025-04-03 20:22:46.131 [info] Discover tests for workspace name: this_studio - uri: /teamspace/studios/this_studio/src/scripts/generate_base_prompts_new.py
2025-04-03 20:22:53.875 [info] Discover tests for workspace name: this_studio - uri: /teamspace/studios/this_studio/src/scripts/generate_base_prompts_new.py
2025-04-03 20:22:55.559 [info] Discover tests for workspace name: this_studio - uri: /teamspace/studios/this_studio/src/scripts/generate_base_prompts_new.py
2025-04-03 20:23:00.116 [info] Discover tests for workspace name: this_studio - uri: /teamspace/studios/this_studio/src/scripts/generate_base_prompts_new.py
2025-04-03 20:23:02.666 [info] Discover tests for workspace name: this_studio - uri: /teamspace/studios/this_studio/src/scripts/generate_base_prompts_new.py
2025-04-03 20:23:06.376 [info] Discover tests for workspace name: this_studio - uri: /teamspace/studios/this_studio/src/scripts/generate_base_prompts_new.py
2025-04-03 20:23:07.588 [info] Discover tests for workspace name: this_studio - uri: /teamspace/studios/this_studio/src/scripts/generate_base_prompts_new.py
2025-04-03 20:23:17.231 [info] Discover tests for workspace name: this_studio - uri: /teamspace/studios/this_studio/src/scripts/generate_base_prompts_new.py
2025-04-03 20:23:19.916 [info] Discover tests for workspace name: this_studio - uri: /teamspace/studios/this_studio/src/scripts/generate_base_prompts_new.py
2025-04-03 20:23:21.134 [info] Discover tests for workspace name: this_studio - uri: /teamspace/studios/this_studio/src/scripts/generate_base_prompts_new.py
2025-04-03 20:23:25.749 [info] Discover tests for workspace name: this_studio - uri: /teamspace/studios/this_studio/src/scripts/generate_base_prompts_new.py
2025-04-03 20:23:30.012 [info] Discover tests for workspace name: this_studio - uri: /teamspace/studios/this_studio/src/scripts/generate_base_prompts_new.py
2025-04-03 20:35:39.893 [info] Discover tests for workspace name: this_studio - uri: /teamspace/studios/this_studio/src/scripts/generate_base_prompts_new.py
2025-04-03 20:35:43.607 [info] Discover tests for workspace name: this_studio - uri: /teamspace/studios/this_studio/src/scripts/generate_base_prompts_new.py
2025-04-03 20:35:45.960 [info] Discover tests for workspace name: this_studio - uri: /teamspace/studios/this_studio/src/scripts/generate_base_prompts_new.py
2025-04-03 20:36:04.269 [info] Discover tests for workspace name: this_studio - uri: /teamspace/studios/this_studio/src/scripts/generate_base_prompts_new.py
2025-04-03 20:36:06.611 [info] Discover tests for workspace name: this_studio - uri: /teamspace/studios/this_studio/src/scripts/generate_base_prompts_new.py
2025-04-03 20:36:11.847 [info] Discover tests for workspace name: this_studio - uri: /teamspace/studios/this_studio/src/scripts/generate_base_prompts_new.py
2025-04-03 20:36:13.062 [info] Discover tests for workspace name: this_studio - uri: /teamspace/studios/this_studio/src/scripts/generate_base_prompts_new.py
2025-04-03 20:36:22.355 [info] Discover tests for workspace name: this_studio - uri: /teamspace/studios/this_studio/src/scripts/generate_base_prompts_new.py
2025-04-03 20:37:03.534 [info] Discover tests for workspace name: this_studio - uri: /teamspace/studios/this_studio/src/scripts/generate_base_prompts_new.py
2025-04-03 20:37:04.825 [info] Discover tests for workspace name: this_studio - uri: /teamspace/studios/this_studio/src/scripts/generate_base_prompts_new.py
2025-04-03 20:37:18.740 [info] Discover tests for workspace name: this_studio - uri: /teamspace/studios/this_studio/src/scripts/generate_base_prompts_new.py
2025-04-03 20:42:02.178 [info] Discover tests for workspace name: this_studio - uri: /teamspace/studios/this_studio/src/scripts/generate_base_prompts_new.py
2025-04-03 20:42:07.092 [info] Discover tests for workspace name: this_studio - uri: /teamspace/studios/this_studio/src/scripts/generate_base_prompts_new.py
2025-04-03 20:42:11.052 [info] Discover tests for workspace name: this_studio - uri: /teamspace/studios/this_studio/src/scripts/generate_base_prompts_new.py
2025-04-03 20:47:49.128 [info] Discover tests for workspace name: this_studio - uri: /teamspace/studios/this_studio/src/scripts/generate_base_prompts_new.py
2025-04-03 20:47:50.750 [info] Discover tests for workspace name: this_studio - uri: /teamspace/studios/this_studio/src/scripts/generate_base_prompts_new.py
2025-04-03 20:47:52.387 [info] Discover tests for workspace name: this_studio - uri: /teamspace/studios/this_studio/src/scripts/generate_base_prompts_new.py
2025-04-03 20:53:59.144 [info] Discover tests for workspace name: this_studio - uri: /teamspace/studios/this_studio/src/scripts/generate_base_prompts_new.py
2025-04-03 20:55:44.135 [info] Discover tests for workspace name: this_studio - uri: /teamspace/studios/this_studio/src/scripts/generate_base_prompts_new.py
2025-04-03 20:59:27.740 [info] Discover tests for workspace name: this_studio - uri: /teamspace/studios/this_studio/src/scripts/generate_base_prompts_new.py
2025-04-03 21:06:49.084 [info] Discover tests for workspace name: this_studio - uri: /teamspace/studios/this_studio/src/scripts/generate_base_prompts_new.py
2025-04-03 21:06:54.138 [info] Discover tests for workspace name: this_studio - uri: /teamspace/studios/this_studio/src/scripts/generate_base_prompts_new.py
2025-04-03 21:06:59.302 [info] Discover tests for workspace name: this_studio - uri: /teamspace/studios/this_studio/src/scripts/generate_base_prompts_new.py
2025-04-03 21:07:02.448 [info] Discover tests for workspace name: this_studio - uri: /teamspace/studios/this_studio/src/scripts/generate_base_prompts_new.py
2025-04-03 21:22:17.665 [info] Discover tests for workspace name: this_studio - uri: /teamspace/studios/this_studio/src/scripts/generate_base_prompts_new.py
2025-04-03 21:24:49.445 [info] Discover tests for workspace name: this_studio - uri: /teamspace/studios/this_studio/src/scripts/generate_base_prompts_new.py
2025-04-03 21:36:46.896 [info] Discover tests for workspace name: this_studio - uri: /teamspace/studios/this_studio/src/scripts/generate_base_prompts_new.py
2025-04-03 21:37:22.880 [info] Discover tests for workspace name: this_studio - uri: /teamspace/studios/this_studio/src/scripts/generate_base_prompts_new.py
2025-04-03 21:43:09.156 [info] Discover tests for workspace name: this_studio - uri: /teamspace/studios/this_studio/src/scripts/generate_base_prompts_new.py
2025-04-03 21:43:16.210 [info] Discover tests for workspace name: this_studio - uri: /teamspace/studios/this_studio/src/scripts/generate_base_prompts_new.py
2025-04-03 21:45:37.345 [info] Discover tests for workspace name: this_studio - uri: /teamspace/studios/this_studio/src/scripts/generate_base_prompts_new.py
2025-04-03 21:46:57.074 [info] Discover tests for workspace name: this_studio - uri: /teamspace/studios/this_studio/src/scripts/generate_base_prompts_new.py
2025-04-03 21:47:08.645 [info] Discover tests for workspace name: this_studio - uri: /teamspace/studios/this_studio/src/scripts/generate_base_prompts_new.py
2025-04-03 21:47:11.785 [info] Discover tests for workspace name: this_studio - uri: /teamspace/studios/this_studio/src/scripts/generate_base_prompts_new.py
2025-04-03 21:47:16.845 [info] Discover tests for workspace name: this_studio - uri: /teamspace/studios/this_studio/src/scripts/generate_base_prompts_new.py
2025-04-03 21:47:20.138 [info] Discover tests for workspace name: this_studio - uri: /teamspace/studios/this_studio/src/scripts/generate_base_prompts_new.py
2025-04-03 21:47:34.150 [info] Discover tests for workspace name: this_studio - uri: /teamspace/studios/this_studio/src/scripts/generate_base_prompts_new.py
2025-04-03 21:47:39.534 [info] Discover tests for workspace name: this_studio - uri: /teamspace/studios/this_studio/src/scripts/generate_base_prompts_new.py
