2025-04-03 19:32:31.525 [info] [Info  - 7:32:31 PM] (46652) Server root directory: file:///teamspace/studios/this_studio/.vscode-server/extensions/ms-python.vscode-pylance-2025.4.1/dist
2025-04-03 19:32:31.595 [info] [Info  - 7:32:31 PM] (46652) Pylance language server 2025.4.1 (pyright version 1.1.398, commit 4f24eccc) starting
2025-04-03 19:32:31.596 [info] [Info  - 7:32:31 PM] (46652) Starting service instance "this_studio" for workspace "/teamspace/studios/this_studio"
2025-04-03 19:32:31.650 [info] [Info  - 7:32:31 PM] (46652) Setting environmentName for service "this_studio": "3.10.10 (cloudspace conda)"
2025-04-03 19:32:31.651 [info] [Info  - 7:32:31 PM] (46652) Setting pythonPath for service "this_studio": "/home/zeus/miniconda3/envs/cloudspace/bin/python"
2025-04-03 19:32:31.651 [info] [Info  - 7:32:31 PM] (46652) No include entries specified; assuming /teamspace/studios/this_studio
2025-04-03 19:32:31.652 [info] [Info  - 7:32:31 PM] (46652) Auto-excluding **/node_modules
2025-04-03 19:32:31.652 [info] [Info  - 7:32:31 PM] (46652) Auto-excluding **/__pycache__
2025-04-03 19:32:31.652 [info] [Info  - 7:32:31 PM] (46652) Auto-excluding **/.*
2025-04-03 19:32:31.677 [info] [Info  - 7:32:31 PM] (46652) Assuming Python version 3.10.10.final.0
2025-04-03 19:32:31.881 [info] [Info  - 7:32:31 PM] (46652) Found 27 source files
2025-04-03 19:32:31.910 [info] [Info  - 7:32:31 PM] (46652) Setting environmentName for service "this_studio": "3.10.10 (cloudspace conda)"
2025-04-03 19:32:31.910 [info] [Info  - 7:32:31 PM] (46652) Setting pythonPath for service "this_studio": "/home/zeus/miniconda3/envs/cloudspace/bin/python"
2025-04-03 19:32:31.910 [info] [Info  - 7:32:31 PM] (46652) No include entries specified; assuming /teamspace/studios/this_studio
2025-04-03 19:32:31.910 [info] [Info  - 7:32:31 PM] (46652) Auto-excluding **/node_modules
2025-04-03 19:32:31.910 [info] [Info  - 7:32:31 PM] (46652) Auto-excluding **/__pycache__
2025-04-03 19:32:31.911 [info] [Info  - 7:32:31 PM] (46652) Auto-excluding **/.*
2025-04-03 19:32:31.934 [info] [Info  - 7:32:31 PM] (46652) Assuming Python version 3.10.10.final.0
2025-04-03 19:32:32.067 [info] [Info  - 7:32:32 PM] (46652) Found 27 source files
2025-04-03 19:32:32.589 [info] [Info  - 7:32:32 PM] (46652) BG: Priority queue background worker(2) root directory: file:///teamspace/studios/this_studio/.vscode-server/extensions/ms-python.vscode-pylance-2025.4.1/dist
2025-04-03 19:32:32.590 [info] [Info  - 7:32:32 PM] (46652) BG: Priority queue background worker(2) started
2025-04-03 19:32:32.736 [info] [Info  - 7:32:32 PM] (46652) BG: Indexer background runner(3) root directory: file:///teamspace/studios/this_studio/.vscode-server/extensions/ms-python.vscode-pylance-2025.4.1/dist (index)
2025-04-03 19:32:32.736 [info] [Info  - 7:32:32 PM] (46652) BG: Indexing(3) started
2025-04-03 19:32:33.634 [info] [Info  - 7:32:33 PM] (46652) BG: scanned(3) 386 files over 1 exec env
2025-04-03 19:32:33.994 [info] [Info  - 7:32:33 PM] (46652) BG: indexed(3) 386 files over 1 exec env
2025-04-03 19:32:34.111 [info] [Info  - 7:32:34 PM] (46652) BG: Indexing finished(3).
2025-04-03 19:32:36.199 [info] [Info  - 7:32:36 PM] (46652) BG: [BG(1)] Long operation: SemanticTokens full at file:///teamspace/studios/this_studio/src/scripts/generate_base_prompts_new.py (3040ms)
2025-04-03 19:32:41.697 [info] (Client) The existing extension didn't exit within 10 seconds. New instance will start, but you might encounter issues.
2025-04-03 19:32:41.697 [info] (Client) Pylance async client (2025.4.1) started with python extension (2025.2.0)
2025-04-03 19:32:46.638 [info] [Info  - 7:32:46 PM] (46652) Setting environmentName for service "this_studio": "3.10.10 (cloudspace conda)"
2025-04-03 19:32:46.638 [info] [Info  - 7:32:46 PM] (46652) Setting pythonPath for service "this_studio": "/home/zeus/miniconda3/envs/cloudspace/bin/python"
2025-04-03 19:32:46.638 [info] [Info  - 7:32:46 PM] (46652) No include entries specified; assuming /teamspace/studios/this_studio
2025-04-03 19:32:46.638 [info] [Info  - 7:32:46 PM] (46652) Auto-excluding **/node_modules
2025-04-03 19:32:46.638 [info] [Info  - 7:32:46 PM] (46652) Auto-excluding **/__pycache__
2025-04-03 19:32:46.638 [info] [Info  - 7:32:46 PM] (46652) Auto-excluding **/.*
2025-04-03 19:32:46.671 [info] [Info  - 7:32:46 PM] (46652) Assuming Python version 3.10.10.final.0
2025-04-03 19:32:46.770 [info] [Info  - 7:32:46 PM] (46652) Found 27 source files
2025-04-03 19:32:48.034 [info] [Info  - 7:32:48 PM] Server process exited successfully
2025-04-03 19:32:49.031 [info] [Info  - 7:32:49 PM] (46936) Server root directory: file:///teamspace/studios/this_studio/.vscode-server/extensions/ms-python.vscode-pylance-2025.4.1/dist
2025-04-03 19:32:49.033 [info] [Info  - 7:32:49 PM] (46936) Pylance language server 2025.4.1 (pyright version 1.1.398, commit 4f24eccc) starting
2025-04-03 19:32:49.038 [info] [Info  - 7:32:49 PM] (46936) Starting service instance "this_studio" for workspace "/teamspace/studios/this_studio"
2025-04-03 19:32:49.303 [info] [Info  - 7:32:49 PM] (46936) Setting environmentName for service "this_studio": "3.10.10 (cloudspace conda)"
2025-04-03 19:32:49.304 [info] [Info  - 7:32:49 PM] (46936) Setting pythonPath for service "this_studio": "/home/zeus/miniconda3/envs/cloudspace/bin/python"
2025-04-03 19:32:49.307 [info] [Info  - 7:32:49 PM] (46936) No include entries specified; assuming /teamspace/studios/this_studio
2025-04-03 19:32:49.307 [info] [Info  - 7:32:49 PM] (46936) Auto-excluding **/node_modules
2025-04-03 19:32:49.307 [info] [Info  - 7:32:49 PM] (46936) Auto-excluding **/__pycache__
2025-04-03 19:32:49.307 [info] [Info  - 7:32:49 PM] (46936) Auto-excluding **/.*
2025-04-03 19:32:49.328 [info] [Info  - 7:32:49 PM] (46936) Assuming Python version 3.10.10.final.0
2025-04-03 19:32:49.430 [info] [Info  - 7:32:49 PM] (46936) Found 27 source files
2025-04-03 19:32:49.459 [info] [Info  - 7:32:49 PM] (46936) Setting environmentName for service "this_studio": "3.10.10 (cloudspace conda)"
2025-04-03 19:32:49.459 [info] [Info  - 7:32:49 PM] (46936) Setting pythonPath for service "this_studio": "/home/zeus/miniconda3/envs/cloudspace/bin/python"
2025-04-03 19:32:49.459 [info] [Info  - 7:32:49 PM] (46936) No include entries specified; assuming /teamspace/studios/this_studio
2025-04-03 19:32:49.460 [info] [Info  - 7:32:49 PM] (46936) Auto-excluding **/node_modules
2025-04-03 19:32:49.460 [info] [Info  - 7:32:49 PM] (46936) Auto-excluding **/__pycache__
2025-04-03 19:32:49.460 [info] [Info  - 7:32:49 PM] (46936) Auto-excluding **/.*
2025-04-03 19:32:49.486 [info] [Info  - 7:32:49 PM] (46936) Assuming Python version 3.10.10.final.0
2025-04-03 19:32:49.690 [info] [Info  - 7:32:49 PM] (46936) Found 27 source files
2025-04-03 19:32:49.939 [info] [Info  - 7:32:49 PM] (46936) BG: Priority queue background worker(2) root directory: file:///teamspace/studios/this_studio/.vscode-server/extensions/ms-python.vscode-pylance-2025.4.1/dist
2025-04-03 19:32:49.939 [info] [Info  - 7:32:49 PM] (46936) BG: Priority queue background worker(2) started
2025-04-03 19:32:50.152 [info] [Info  - 7:32:50 PM] (46936) BG: Indexer background runner(3) root directory: file:///teamspace/studios/this_studio/.vscode-server/extensions/ms-python.vscode-pylance-2025.4.1/dist (index)
2025-04-03 19:32:50.152 [info] [Info  - 7:32:50 PM] (46936) BG: Indexing(3) started
2025-04-03 19:32:51.343 [info] [Info  - 7:32:51 PM] (46936) BG: scanned(3) 386 files over 1 exec env
2025-04-03 19:32:51.462 [info] [Info  - 7:32:51 PM] (46936) BG: indexed(3) 386 files over 1 exec env
2025-04-03 19:32:51.615 [info] [Info  - 7:32:51 PM] (46936) BG: Indexing finished(3).
2025-04-03 19:32:53.773 [info] [Info  - 7:32:53 PM] (46936) BG: [BG(1)] Long operation: SemanticTokens range 211:0 - 277:28 at file:///teamspace/studios/this_studio/src/scripts/generate_base_prompts_new.py (3617ms)
2025-04-03 19:32:59.165 [info] (Client) The existing extension didn't exit within 10 seconds. New instance will start, but you might encounter issues.
2025-04-03 19:32:59.165 [info] (Client) Pylance async client (2025.4.1) started with python extension (2025.2.0)
2025-04-03 19:33:09.589 [info] [Info  - 7:33:09 PM] (46936) virtual workspace: vscode-chat-code-block://1fd1175b-f7ff-402f-be79-b5dceb11a66c/
2025-04-03 19:33:09.590 [info] [Info  - 7:33:09 PM] (46936) Starting service instance "<default>" for workspace "vscode-chat-code-block://1fd1175b-f7ff-402f-be79-b5dceb11a66c/"
2025-04-03 19:33:09.614 [info] [Info  - 7:33:09 PM] (46936) Setting environmentName for service "<default>": "3.10.10 (cloudspace conda)"
2025-04-03 19:33:09.614 [info] [Info  - 7:33:09 PM] (46936) No include entries specified; assuming vscode-chat-code-block://1fd1175b-f7ff-402f-be79-b5dceb11a66c/
2025-04-03 19:33:09.614 [info] [Info  - 7:33:09 PM] (46936) Auto-excluding **/node_modules
2025-04-03 19:33:09.614 [info] [Info  - 7:33:09 PM] (46936) Auto-excluding **/__pycache__
2025-04-03 19:33:09.615 [info] [Info  - 7:33:09 PM] (46936) Auto-excluding **/.*
2025-04-03 19:33:09.639 [info] [Info  - 7:33:09 PM] (46936) Assuming Python version 3.10.10.final.0
2025-04-03 19:33:09.697 [info] [Error - 7:33:09 PM] (46936) File or directory "vscode-chat-code-block://1fd1175b-f7ff-402f-be79-b5dceb11a66c/" does not exist.
2025-04-03 19:33:09.697 [info] [Info  - 7:33:09 PM] (46936) No source files found.
2025-04-03 19:44:27.999 [info] [Info  - 7:44:27 PM] (46936) Starting service instance "<default>" for workspace ""
2025-04-03 19:44:28.023 [info] [Info  - 7:44:28 PM] (46936) Setting environmentName for service "<default>": "3.10.10 (cloudspace conda)"
2025-04-03 19:44:28.024 [info] [Info  - 7:44:28 PM] (46936) Setting pythonPath for service "<default>": "/home/zeus/miniconda3/envs/cloudspace/bin/python"
2025-04-03 19:44:28.024 [info] [Info  - 7:44:28 PM] (46936) No include entries specified; assuming /<default workspace root>
2025-04-03 19:44:28.024 [info] [Info  - 7:44:28 PM] (46936) Auto-excluding **/node_modules
2025-04-03 19:44:28.024 [info] [Info  - 7:44:28 PM] (46936) Auto-excluding **/__pycache__
2025-04-03 19:44:28.025 [info] [Info  - 7:44:28 PM] (46936) Auto-excluding **/.*
2025-04-03 19:44:28.056 [info] [Info  - 7:44:28 PM] (46936) Assuming Python version 3.10.10.final.0
2025-04-03 19:44:28.121 [info] [Error - 7:44:28 PM] (46936) File or directory "/<default workspace root>" does not exist.
2025-04-03 19:44:28.121 [info] [Info  - 7:44:28 PM] (46936) No source files found.
2025-04-03 19:44:28.512 [info] [Info  - 7:44:28 PM] (46936) BG: Priority queue background worker(5) root directory: file:///teamspace/studios/this_studio/.vscode-server/extensions/ms-python.vscode-pylance-2025.4.1/dist
2025-04-03 19:44:28.513 [info] [Info  - 7:44:28 PM] (46936) BG: Priority queue background worker(5) started
