2025-04-03 18:38:55.873 [info] [main] Log level: Info
2025-04-03 18:38:55.873 [info] [main] Validating found git in: "git"
2025-04-03 18:38:55.873 [info] [main] Using git "2.42.0" from "git"
2025-04-03 18:38:55.873 [info] [Model][doInitialScan] Initial repository scan started
2025-04-03 18:38:55.873 [info] > git rev-parse --show-toplevel [4ms]
2025-04-03 18:38:55.873 [info] > git rev-parse --git-dir --git-common-dir [3ms]
2025-04-03 18:38:55.873 [info] [Model][openRepository] Opened repository: /teamspace/studios/this_studio
2025-04-03 18:38:55.873 [info] > git config --get commit.template [5ms]
2025-04-03 18:38:55.873 [info] > git rev-parse --show-toplevel [4ms]
2025-04-03 18:38:55.873 [info] > git rev-parse --show-toplevel [3ms]
2025-04-03 18:38:55.873 [info] > git for-each-ref --format=%(refname)%00%(upstream:short)%00%(objectname)%00%(upstream:track)%00%(upstream:remotename)%00%(upstream:remoteref) refs/heads/bella/inference-test43 refs/remotes/bella/inference-test43 [6ms]
2025-04-03 18:38:55.873 [info] > git rev-parse --show-toplevel [6ms]
2025-04-03 18:38:55.873 [info] > git rev-parse --show-toplevel [3ms]
2025-04-03 18:38:55.874 [info] > git rev-parse --show-toplevel [3ms]
2025-04-03 18:38:55.877 [info] > git for-each-ref --sort -committerdate --format %(refname) %(objectname) %(*objectname) [13ms]
2025-04-03 18:38:55.880 [info] > git status -z -uall [20ms]
2025-04-03 18:38:55.880 [info] > git rev-parse --show-toplevel [4ms]
2025-04-03 18:38:55.932 [info] > git config --get commit.template [4ms]
2025-04-03 18:38:55.933 [info] > git rev-parse --show-toplevel [6ms]
2025-04-03 18:38:55.933 [info] > git for-each-ref --format=%(refname)%00%(upstream:short)%00%(objectname)%00%(upstream:track)%00%(upstream:remotename)%00%(upstream:remoteref) refs/heads/bella/inference-test43 refs/remotes/bella/inference-test43 [12ms]
2025-04-03 18:38:56.039 [info] > git rev-parse --show-toplevel [102ms]
2025-04-03 18:38:56.039 [info] > git config --get --local branch.bella/inference-test43.vscode-merge-base [104ms]
2025-04-03 18:38:56.046 [info] > git for-each-ref --format=%(refname)%00%(upstream:short)%00%(objectname)%00%(upstream:track)%00%(upstream:remotename)%00%(upstream:remoteref) refs/heads/bella/inference-test43 refs/remotes/bella/inference-test43 [29ms]
2025-04-03 18:38:56.050 [info] > git rev-parse --show-toplevel [6ms]
2025-04-03 18:38:56.050 [info] > git for-each-ref --format=%(refname)%00%(upstream:short)%00%(objectname)%00%(upstream:track)%00%(upstream:remotename)%00%(upstream:remoteref) refs/heads/origin/main refs/remotes/origin/main [8ms]
2025-04-03 18:38:56.056 [info] > git for-each-ref --sort -committerdate --format %(refname) %(objectname) %(*objectname) [6ms]
2025-04-03 18:38:56.058 [info] > git merge-base refs/heads/bella/inference-test43 refs/remotes/origin/bella/inference-test43 [5ms]
2025-04-03 18:38:56.060 [info] > git rev-parse --show-toplevel [5ms]
2025-04-03 18:38:56.064 [info] > git status -z -uall [17ms]
2025-04-03 18:38:56.076 [info] > git rev-parse --show-toplevel [14ms]
2025-04-03 18:38:56.076 [info] > git diff --name-status -z --diff-filter=ADMR 1f98b9975a1da3bf015ebcee5c5670a6b3ef3dcf...refs/remotes/origin/bella/inference-test43 [16ms]
2025-04-03 18:38:56.079 [info] > git merge-base refs/heads/bella/inference-test43 refs/remotes/origin/bella/inference-test43 [5ms]
2025-04-03 18:38:56.081 [info] > git rev-parse --show-toplevel [3ms]
2025-04-03 18:38:56.084 [info] > git diff --name-status -z --diff-filter=ADMR 1f98b9975a1da3bf015ebcee5c5670a6b3ef3dcf...refs/remotes/origin/bella/inference-test43 [3ms]
2025-04-03 18:38:56.086 [info] > git rev-parse --show-toplevel [3ms]
2025-04-03 18:38:56.091 [info] > git rev-parse --show-toplevel [3ms]
2025-04-03 18:38:56.096 [info] > git rev-parse --show-toplevel [3ms]
2025-04-03 18:38:56.100 [info] > git rev-parse --show-toplevel [3ms]
2025-04-03 18:38:56.105 [info] > git rev-parse --show-toplevel [3ms]
2025-04-03 18:38:56.108 [info] [Model][doInitialScan] Initial repository scan completed - repositories (1), closed repositories (0), parent repositories (0), unsafe repositories (0)
2025-04-03 18:38:56.438 [info] > git check-ignore -v -z --stdin [3ms]
2025-04-03 18:39:00.966 [info] > git config --get commit.template [4ms]
2025-04-03 18:39:00.969 [info] > git for-each-ref --format=%(refname)%00%(upstream:short)%00%(objectname)%00%(upstream:track)%00%(upstream:remotename)%00%(upstream:remoteref) refs/heads/bella/inference-test43 refs/remotes/bella/inference-test43 [5ms]
2025-04-03 18:39:00.979 [info] > git for-each-ref --sort -committerdate --format %(refname) %(objectname) %(*objectname) [5ms]
2025-04-03 18:39:00.986 [info] > git status -z -uall [15ms]
2025-04-03 18:39:06.000 [info] > git config --get commit.template [3ms]
2025-04-03 18:39:06.003 [info] > git for-each-ref --format=%(refname)%00%(upstream:short)%00%(objectname)%00%(upstream:track)%00%(upstream:remotename)%00%(upstream:remoteref) refs/heads/bella/inference-test43 refs/remotes/bella/inference-test43 [4ms]
2025-04-03 18:39:06.014 [info] > git for-each-ref --sort -committerdate --format %(refname) %(objectname) %(*objectname) [6ms]
2025-04-03 18:39:06.021 [info] > git status -z -uall [15ms]
2025-04-03 18:39:08.396 [info] > git log --format=%H%n%aN%n%aE%n%at%n%ct%n%P%n%D%n%B -z --shortstat --diff-merges=first-parent -n50 --skip=0 --topo-order --decorate=full --stdin [128ms]
2025-04-03 18:39:08.800 [info] > git check-ignore -v -z --stdin [3ms]
2025-04-03 18:39:11.035 [info] > git config --get commit.template [4ms]
2025-04-03 18:39:11.038 [info] > git for-each-ref --format=%(refname)%00%(upstream:short)%00%(objectname)%00%(upstream:track)%00%(upstream:remotename)%00%(upstream:remoteref) refs/heads/bella/inference-test43 refs/remotes/bella/inference-test43 [4ms]
2025-04-03 18:39:11.048 [info] > git for-each-ref --sort -committerdate --format %(refname) %(objectname) %(*objectname) [6ms]
2025-04-03 18:39:11.056 [info] > git status -z -uall [16ms]
2025-04-03 18:39:16.070 [info] > git config --get commit.template [4ms]
2025-04-03 18:39:16.074 [info] > git for-each-ref --format=%(refname)%00%(upstream:short)%00%(objectname)%00%(upstream:track)%00%(upstream:remotename)%00%(upstream:remoteref) refs/heads/bella/inference-test43 refs/remotes/bella/inference-test43 [5ms]
2025-04-03 18:39:16.084 [info] > git for-each-ref --sort -committerdate --format %(refname) %(objectname) %(*objectname) [6ms]
2025-04-03 18:39:16.093 [info] > git status -z -uall [16ms]
2025-04-03 18:40:19.781 [info] > git config --get commit.template [3ms]
2025-04-03 18:40:19.785 [info] > git for-each-ref --format=%(refname)%00%(upstream:short)%00%(objectname)%00%(upstream:track)%00%(upstream:remotename)%00%(upstream:remoteref) refs/heads/bella/inference-test43 refs/remotes/bella/inference-test43 [5ms]
2025-04-03 18:40:19.796 [info] > git for-each-ref --sort -committerdate --format %(refname) %(objectname) %(*objectname) [6ms]
2025-04-03 18:40:19.804 [info] > git status -z -uall [16ms]
2025-04-03 18:40:22.234 [info] > git check-ignore -v -z --stdin [3ms]
2025-04-03 18:40:23.310 [info] > git show --textconv :model_input/base_prompt_input.json [4ms]
2025-04-03 18:40:23.311 [info] > git ls-files --stage -- model_input/base_prompt_input.json [3ms]
2025-04-03 18:40:23.317 [info] > git cat-file -s f42833ddb5dc29ac82caa34fbdbea47ece9a43d5 [3ms]
2025-04-03 18:40:24.824 [info] > git config --get commit.template [3ms]
2025-04-03 18:40:24.884 [info] > git for-each-ref --format=%(refname)%00%(upstream:short)%00%(objectname)%00%(upstream:track)%00%(upstream:remotename)%00%(upstream:remoteref) refs/heads/bella/inference-test43 refs/remotes/bella/inference-test43 [61ms]
2025-04-03 18:40:24.902 [info] > git for-each-ref --sort -committerdate --format %(refname) %(objectname) %(*objectname) [10ms]
2025-04-03 18:40:24.909 [info] > git status -z -uall [21ms]
2025-04-03 18:40:29.933 [info] > git config --get commit.template [4ms]
2025-04-03 18:40:29.985 [info] > git for-each-ref --format=%(refname)%00%(upstream:short)%00%(objectname)%00%(upstream:track)%00%(upstream:remotename)%00%(upstream:remoteref) refs/heads/bella/inference-test43 refs/remotes/bella/inference-test43 [53ms]
2025-04-03 18:40:30.003 [info] > git for-each-ref --sort -committerdate --format %(refname) %(objectname) %(*objectname) [11ms]
2025-04-03 18:40:30.018 [info] > git status -z -uall [29ms]
