2025-04-03 19:01:48.384 [info] [main] Log level: Info
2025-04-03 19:01:48.384 [info] [main] Validating found git in: "git"
2025-04-03 19:01:48.384 [info] [main] Using git "2.42.0" from "git"
2025-04-03 19:01:48.384 [info] [Model][doInitialScan] Initial repository scan started
2025-04-03 19:01:48.384 [info] > git rev-parse --show-toplevel [227ms]
2025-04-03 19:01:48.384 [info] > git rev-parse --git-dir --git-common-dir [9ms]
2025-04-03 19:01:48.384 [info] [Model][openRepository] Opened repository: /teamspace/studios/this_studio
2025-04-03 19:01:48.385 [info] > git config --get commit.template [5ms]
2025-04-03 19:01:48.390 [info] > git rev-parse --show-toplevel [7ms]
2025-04-03 19:01:48.400 [info] > git rev-parse --show-toplevel [3ms]
2025-04-03 19:01:48.404 [info] > git rev-parse --show-toplevel [2ms]
2025-04-03 19:01:48.409 [info] > git rev-parse --show-toplevel [2ms]
2025-04-03 19:01:48.416 [info] > git rev-parse --show-toplevel [4ms]
2025-04-03 19:01:48.425 [info] > git rev-parse --show-toplevel [6ms]
2025-04-03 19:01:48.431 [info] > git rev-parse --show-toplevel [3ms]
2025-04-03 19:01:48.437 [info] > git rev-parse --show-toplevel [3ms]
2025-04-03 19:01:48.447 [info] > git rev-parse --show-toplevel [6ms]
2025-04-03 19:01:48.453 [info] > git rev-parse --show-toplevel [4ms]
2025-04-03 19:01:48.459 [info] > git rev-parse --show-toplevel [2ms]
2025-04-03 19:01:48.463 [info] > git rev-parse --show-toplevel [2ms]
2025-04-03 19:01:48.468 [info] > git rev-parse --show-toplevel [3ms]
2025-04-03 19:01:48.470 [info] > git for-each-ref --format=%(refname)%00%(upstream:short)%00%(objectname)%00%(upstream:track)%00%(upstream:remotename)%00%(upstream:remoteref) refs/heads/bella/inference-test43 refs/remotes/bella/inference-test43 [82ms]
2025-04-03 19:01:48.476 [info] > git rev-parse --show-toplevel [6ms]
2025-04-03 19:01:48.481 [info] > git rev-parse --show-toplevel [3ms]
2025-04-03 19:01:48.485 [info] > git rev-parse --show-toplevel [3ms]
2025-04-03 19:01:48.489 [info] > git rev-parse --show-toplevel [2ms]
2025-04-03 19:01:48.494 [info] > git rev-parse --show-toplevel [3ms]
2025-04-03 19:01:48.497 [info] [Model][doInitialScan] Initial repository scan completed - repositories (1), closed repositories (0), parent repositories (0), unsafe repositories (0)
2025-04-03 19:01:48.756 [info] > git status -z -uall [283ms]
2025-04-03 19:01:48.805 [info] > git for-each-ref --sort -committerdate --format %(refname) %(objectname) %(*objectname) [330ms]
2025-04-03 19:01:48.840 [info] > git config --get commit.template [3ms]
2025-04-03 19:01:48.856 [info] > git ls-files --stage -- model_input/base_prompt_input.json [3ms]
2025-04-03 19:01:48.981 [info] > git for-each-ref --format=%(refname)%00%(upstream:short)%00%(objectname)%00%(upstream:track)%00%(upstream:remotename)%00%(upstream:remoteref) refs/heads/bella/inference-test43 refs/remotes/bella/inference-test43 [148ms]
2025-04-03 19:01:48.984 [info] > git for-each-ref --format=%(refname)%00%(upstream:short)%00%(objectname)%00%(upstream:track)%00%(upstream:remotename)%00%(upstream:remoteref) refs/heads/bella/inference-test43 refs/remotes/bella/inference-test43 [145ms]
2025-04-03 19:01:48.987 [info] > git config --get --local branch.bella/inference-test43.vscode-merge-base [3ms]
2025-04-03 19:01:48.989 [info] > git cat-file -s f42833ddb5dc29ac82caa34fbdbea47ece9a43d5 [131ms]
2025-04-03 19:01:48.991 [info] > git check-ignore -v -z --stdin [4ms]
2025-04-03 19:01:48.995 [info] > git for-each-ref --format=%(refname)%00%(upstream:short)%00%(objectname)%00%(upstream:track)%00%(upstream:remotename)%00%(upstream:remoteref) refs/heads/origin/main refs/remotes/origin/main [6ms]
2025-04-03 19:01:49.022 [info] > git show --textconv :model_input/base_prompt_input.json [171ms]
2025-04-03 19:01:49.086 [info] > git merge-base refs/heads/bella/inference-test43 refs/remotes/origin/bella/inference-test43 [88ms]
2025-04-03 19:01:49.236 [info] > git diff --name-status -z --diff-filter=ADMR 1f98b9975a1da3bf015ebcee5c5670a6b3ef3dcf...refs/remotes/origin/bella/inference-test43 [147ms]
2025-04-03 19:01:49.302 [info] > git status -z -uall [309ms]
2025-04-03 19:01:49.310 [info] > git for-each-ref --sort -committerdate --format %(refname) %(objectname) %(*objectname) [315ms]
2025-04-03 19:01:53.619 [info] > git config --get commit.template [3ms]
2025-04-03 19:01:53.724 [info] > git for-each-ref --format=%(refname)%00%(upstream:short)%00%(objectname)%00%(upstream:track)%00%(upstream:remotename)%00%(upstream:remoteref) refs/heads/bella/inference-test43 refs/remotes/bella/inference-test43 [106ms]
2025-04-03 19:01:53.951 [info] > git status -z -uall [223ms]
2025-04-03 19:01:54.032 [info] > git for-each-ref --sort -committerdate --format %(refname) %(objectname) %(*objectname) [300ms]
2025-04-03 19:01:59.046 [info] > git config --get commit.template [3ms]
2025-04-03 19:01:59.126 [info] > git for-each-ref --format=%(refname)%00%(upstream:short)%00%(objectname)%00%(upstream:track)%00%(upstream:remotename)%00%(upstream:remoteref) refs/heads/bella/inference-test43 refs/remotes/bella/inference-test43 [82ms]
2025-04-03 19:01:59.360 [info] > git status -z -uall [230ms]
2025-04-03 19:01:59.444 [info] > git for-each-ref --sort -committerdate --format %(refname) %(objectname) %(*objectname) [313ms]
2025-04-03 19:02:04.460 [info] > git config --get commit.template [3ms]
2025-04-03 19:02:04.536 [info] > git for-each-ref --format=%(refname)%00%(upstream:short)%00%(objectname)%00%(upstream:track)%00%(upstream:remotename)%00%(upstream:remoteref) refs/heads/bella/inference-test43 refs/remotes/bella/inference-test43 [78ms]
2025-04-03 19:02:04.804 [info] > git for-each-ref --sort -committerdate --format %(refname) %(objectname) %(*objectname) [261ms]
2025-04-03 19:02:04.832 [info] > git status -z -uall [292ms]
2025-04-03 19:02:09.846 [info] > git config --get commit.template [3ms]
2025-04-03 19:02:09.914 [info] > git for-each-ref --format=%(refname)%00%(upstream:short)%00%(objectname)%00%(upstream:track)%00%(upstream:remotename)%00%(upstream:remoteref) refs/heads/bella/inference-test43 refs/remotes/bella/inference-test43 [68ms]
2025-04-03 19:02:10.138 [info] > git status -z -uall [222ms]
2025-04-03 19:02:10.156 [info] > git for-each-ref --sort -committerdate --format %(refname) %(objectname) %(*objectname) [237ms]
2025-04-03 19:02:15.172 [info] > git config --get commit.template [4ms]
2025-04-03 19:02:15.229 [info] > git for-each-ref --format=%(refname)%00%(upstream:short)%00%(objectname)%00%(upstream:track)%00%(upstream:remotename)%00%(upstream:remoteref) refs/heads/bella/inference-test43 refs/remotes/bella/inference-test43 [59ms]
2025-04-03 19:02:15.417 [info] > git status -z -uall [185ms]
2025-04-03 19:02:15.487 [info] > git for-each-ref --sort -committerdate --format %(refname) %(objectname) %(*objectname) [253ms]
2025-04-03 19:02:20.502 [info] > git config --get commit.template [4ms]
2025-04-03 19:02:20.557 [info] > git for-each-ref --format=%(refname)%00%(upstream:short)%00%(objectname)%00%(upstream:track)%00%(upstream:remotename)%00%(upstream:remoteref) refs/heads/bella/inference-test43 refs/remotes/bella/inference-test43 [56ms]
2025-04-03 19:02:20.776 [info] > git status -z -uall [216ms]
2025-04-03 19:02:20.798 [info] > git for-each-ref --sort -committerdate --format %(refname) %(objectname) %(*objectname) [234ms]
2025-04-03 19:02:25.812 [info] > git config --get commit.template [2ms]
2025-04-03 19:02:25.870 [info] > git for-each-ref --format=%(refname)%00%(upstream:short)%00%(objectname)%00%(upstream:track)%00%(upstream:remotename)%00%(upstream:remoteref) refs/heads/bella/inference-test43 refs/remotes/bella/inference-test43 [59ms]
2025-04-03 19:02:26.069 [info] > git status -z -uall [195ms]
2025-04-03 19:02:26.100 [info] > git for-each-ref --sort -committerdate --format %(refname) %(objectname) %(*objectname) [223ms]
2025-04-03 19:02:31.113 [info] > git config --get commit.template [4ms]
2025-04-03 19:02:31.193 [info] > git for-each-ref --format=%(refname)%00%(upstream:short)%00%(objectname)%00%(upstream:track)%00%(upstream:remotename)%00%(upstream:remoteref) refs/heads/bella/inference-test43 refs/remotes/bella/inference-test43 [81ms]
2025-04-03 19:02:31.380 [info] > git status -z -uall [184ms]
2025-04-03 19:02:31.421 [info] > git for-each-ref --sort -committerdate --format %(refname) %(objectname) %(*objectname) [223ms]
2025-04-03 19:02:36.438 [info] > git config --get commit.template [5ms]
2025-04-03 19:02:36.500 [info] > git for-each-ref --format=%(refname)%00%(upstream:short)%00%(objectname)%00%(upstream:track)%00%(upstream:remotename)%00%(upstream:remoteref) refs/heads/bella/inference-test43 refs/remotes/bella/inference-test43 [64ms]
2025-04-03 19:02:36.707 [info] > git status -z -uall [204ms]
2025-04-03 19:02:36.773 [info] > git for-each-ref --sort -committerdate --format %(refname) %(objectname) %(*objectname) [267ms]
2025-04-03 19:02:41.789 [info] > git config --get commit.template [3ms]
2025-04-03 19:02:41.856 [info] > git for-each-ref --format=%(refname)%00%(upstream:short)%00%(objectname)%00%(upstream:track)%00%(upstream:remotename)%00%(upstream:remoteref) refs/heads/bella/inference-test43 refs/remotes/bella/inference-test43 [67ms]
2025-04-03 19:02:42.060 [info] > git status -z -uall [201ms]
2025-04-03 19:02:42.085 [info] > git for-each-ref --sort -committerdate --format %(refname) %(objectname) %(*objectname) [224ms]
2025-04-03 19:02:47.100 [info] > git config --get commit.template [3ms]
2025-04-03 19:02:47.103 [info] > git for-each-ref --format=%(refname)%00%(upstream:short)%00%(objectname)%00%(upstream:track)%00%(upstream:remotename)%00%(upstream:remoteref) refs/heads/bella/inference-test43 refs/remotes/bella/inference-test43 [4ms]
2025-04-03 19:02:47.114 [info] > git for-each-ref --sort -committerdate --format %(refname) %(objectname) %(*objectname) [6ms]
2025-04-03 19:02:47.164 [info] > git status -z -uall [59ms]
2025-04-03 19:02:52.178 [info] > git config --get commit.template [3ms]
2025-04-03 19:02:52.182 [info] > git for-each-ref --format=%(refname)%00%(upstream:short)%00%(objectname)%00%(upstream:track)%00%(upstream:remotename)%00%(upstream:remoteref) refs/heads/bella/inference-test43 refs/remotes/bella/inference-test43 [5ms]
2025-04-03 19:02:52.193 [info] > git for-each-ref --sort -committerdate --format %(refname) %(objectname) %(*objectname) [6ms]
2025-04-03 19:02:52.240 [info] > git status -z -uall [55ms]
2025-04-03 19:02:57.258 [info] > git config --get commit.template [6ms]
2025-04-03 19:02:57.260 [info] > git for-each-ref --format=%(refname)%00%(upstream:short)%00%(objectname)%00%(upstream:track)%00%(upstream:remotename)%00%(upstream:remoteref) refs/heads/bella/inference-test43 refs/remotes/bella/inference-test43 [6ms]
2025-04-03 19:02:57.273 [info] > git for-each-ref --sort -committerdate --format %(refname) %(objectname) %(*objectname) [8ms]
2025-04-03 19:02:57.369 [info] > git status -z -uall [106ms]
2025-04-03 19:03:02.387 [info] > git config --get commit.template [4ms]
2025-04-03 19:03:02.392 [info] > git for-each-ref --format=%(refname)%00%(upstream:short)%00%(objectname)%00%(upstream:track)%00%(upstream:remotename)%00%(upstream:remoteref) refs/heads/bella/inference-test43 refs/remotes/bella/inference-test43 [6ms]
2025-04-03 19:03:02.405 [info] > git for-each-ref --sort -committerdate --format %(refname) %(objectname) %(*objectname) [7ms]
2025-04-03 19:03:02.483 [info] > git status -z -uall [87ms]
2025-04-03 19:03:07.498 [info] > git config --get commit.template [4ms]
2025-04-03 19:03:07.503 [info] > git for-each-ref --format=%(refname)%00%(upstream:short)%00%(objectname)%00%(upstream:track)%00%(upstream:remotename)%00%(upstream:remoteref) refs/heads/bella/inference-test43 refs/remotes/bella/inference-test43 [6ms]
2025-04-03 19:03:07.518 [info] > git for-each-ref --sort -committerdate --format %(refname) %(objectname) %(*objectname) [9ms]
2025-04-03 19:03:07.593 [info] > git status -z -uall [87ms]
2025-04-03 19:03:12.609 [info] > git config --get commit.template [4ms]
2025-04-03 19:03:12.614 [info] > git for-each-ref --format=%(refname)%00%(upstream:short)%00%(objectname)%00%(upstream:track)%00%(upstream:remotename)%00%(upstream:remoteref) refs/heads/bella/inference-test43 refs/remotes/bella/inference-test43 [6ms]
2025-04-03 19:03:12.630 [info] > git for-each-ref --sort -committerdate --format %(refname) %(objectname) %(*objectname) [9ms]
2025-04-03 19:03:12.710 [info] > git status -z -uall [92ms]
2025-04-03 19:03:17.726 [info] > git config --get commit.template [3ms]
2025-04-03 19:03:17.731 [info] > git for-each-ref --format=%(refname)%00%(upstream:short)%00%(objectname)%00%(upstream:track)%00%(upstream:remotename)%00%(upstream:remoteref) refs/heads/bella/inference-test43 refs/remotes/bella/inference-test43 [5ms]
2025-04-03 19:03:17.743 [info] > git for-each-ref --sort -committerdate --format %(refname) %(objectname) %(*objectname) [7ms]
2025-04-03 19:03:17.807 [info] > git status -z -uall [73ms]
2025-04-03 19:03:22.824 [info] > git config --get commit.template [3ms]
2025-04-03 19:03:22.828 [info] > git for-each-ref --format=%(refname)%00%(upstream:short)%00%(objectname)%00%(upstream:track)%00%(upstream:remotename)%00%(upstream:remoteref) refs/heads/bella/inference-test43 refs/remotes/bella/inference-test43 [5ms]
2025-04-03 19:03:22.843 [info] > git for-each-ref --sort -committerdate --format %(refname) %(objectname) %(*objectname) [9ms]
2025-04-03 19:03:22.903 [info] > git status -z -uall [72ms]
2025-04-03 19:03:27.918 [info] > git config --get commit.template [3ms]
2025-04-03 19:03:27.923 [info] > git for-each-ref --format=%(refname)%00%(upstream:short)%00%(objectname)%00%(upstream:track)%00%(upstream:remotename)%00%(upstream:remoteref) refs/heads/bella/inference-test43 refs/remotes/bella/inference-test43 [6ms]
2025-04-03 19:03:27.937 [info] > git for-each-ref --sort -committerdate --format %(refname) %(objectname) %(*objectname) [8ms]
2025-04-03 19:03:28.023 [info] > git status -z -uall [96ms]
2025-04-03 19:03:33.041 [info] > git config --get commit.template [4ms]
2025-04-03 19:03:33.046 [info] > git for-each-ref --format=%(refname)%00%(upstream:short)%00%(objectname)%00%(upstream:track)%00%(upstream:remotename)%00%(upstream:remoteref) refs/heads/bella/inference-test43 refs/remotes/bella/inference-test43 [6ms]
2025-04-03 19:03:33.059 [info] > git for-each-ref --sort -committerdate --format %(refname) %(objectname) %(*objectname) [8ms]
2025-04-03 19:03:33.129 [info] > git status -z -uall [81ms]
2025-04-03 19:03:59.651 [info] > git config --get commit.template [3ms]
2025-04-03 19:03:59.655 [info] > git for-each-ref --format=%(refname)%00%(upstream:short)%00%(objectname)%00%(upstream:track)%00%(upstream:remotename)%00%(upstream:remoteref) refs/heads/bella/inference-test43 refs/remotes/bella/inference-test43 [5ms]
2025-04-03 19:03:59.664 [info] > git for-each-ref --sort -committerdate --format %(refname) %(objectname) %(*objectname) [5ms]
2025-04-03 19:03:59.712 [info] > git status -z -uall [55ms]
2025-04-03 19:04:04.725 [info] > git config --get commit.template [3ms]
2025-04-03 19:04:04.728 [info] > git for-each-ref --format=%(refname)%00%(upstream:short)%00%(objectname)%00%(upstream:track)%00%(upstream:remotename)%00%(upstream:remoteref) refs/heads/bella/inference-test43 refs/remotes/bella/inference-test43 [4ms]
2025-04-03 19:04:04.739 [info] > git for-each-ref --sort -committerdate --format %(refname) %(objectname) %(*objectname) [6ms]
2025-04-03 19:04:04.783 [info] > git status -z -uall [52ms]
2025-04-03 19:04:09.797 [info] > git config --get commit.template [3ms]
2025-04-03 19:04:09.801 [info] > git for-each-ref --format=%(refname)%00%(upstream:short)%00%(objectname)%00%(upstream:track)%00%(upstream:remotename)%00%(upstream:remoteref) refs/heads/bella/inference-test43 refs/remotes/bella/inference-test43 [5ms]
2025-04-03 19:04:09.811 [info] > git for-each-ref --sort -committerdate --format %(refname) %(objectname) %(*objectname) [6ms]
2025-04-03 19:04:09.859 [info] > git status -z -uall [56ms]
2025-04-03 19:04:14.871 [info] > git config --get commit.template [3ms]
2025-04-03 19:04:14.874 [info] > git for-each-ref --format=%(refname)%00%(upstream:short)%00%(objectname)%00%(upstream:track)%00%(upstream:remotename)%00%(upstream:remoteref) refs/heads/bella/inference-test43 refs/remotes/bella/inference-test43 [4ms]
2025-04-03 19:04:14.883 [info] > git for-each-ref --sort -committerdate --format %(refname) %(objectname) %(*objectname) [5ms]
2025-04-03 19:04:14.931 [info] > git status -z -uall [54ms]
2025-04-03 19:04:15.668 [info] > git ls-files --stage -- model_input/base_prompt_input.json [4ms]
2025-04-03 19:04:15.673 [info] > git cat-file -s f42833ddb5dc29ac82caa34fbdbea47ece9a43d5 [3ms]
2025-04-03 19:04:15.756 [info] > git show --textconv :model_input/base_prompt_input.json [4ms]
2025-04-03 19:04:19.947 [info] > git config --get commit.template [3ms]
2025-04-03 19:04:19.951 [info] > git for-each-ref --format=%(refname)%00%(upstream:short)%00%(objectname)%00%(upstream:track)%00%(upstream:remotename)%00%(upstream:remoteref) refs/heads/bella/inference-test43 refs/remotes/bella/inference-test43 [4ms]
2025-04-03 19:04:19.961 [info] > git for-each-ref --sort -committerdate --format %(refname) %(objectname) %(*objectname) [6ms]
2025-04-03 19:04:20.007 [info] > git status -z -uall [54ms]
2025-04-03 19:04:25.021 [info] > git config --get commit.template [3ms]
2025-04-03 19:04:25.025 [info] > git for-each-ref --format=%(refname)%00%(upstream:short)%00%(objectname)%00%(upstream:track)%00%(upstream:remotename)%00%(upstream:remoteref) refs/heads/bella/inference-test43 refs/remotes/bella/inference-test43 [5ms]
2025-04-03 19:04:25.036 [info] > git for-each-ref --sort -committerdate --format %(refname) %(objectname) %(*objectname) [6ms]
2025-04-03 19:04:25.084 [info] > git status -z -uall [57ms]
2025-04-03 19:04:26.667 [info] > git check-ignore -v -z --stdin [4ms]
2025-04-03 19:04:28.472 [info] > git check-ignore -v -z --stdin [3ms]
2025-04-03 19:04:30.095 [info] > git config --get commit.template [3ms]
2025-04-03 19:04:30.100 [info] > git for-each-ref --format=%(refname)%00%(upstream:short)%00%(objectname)%00%(upstream:track)%00%(upstream:remotename)%00%(upstream:remoteref) refs/heads/bella/inference-test43 refs/remotes/bella/inference-test43 [5ms]
2025-04-03 19:04:30.111 [info] > git for-each-ref --sort -committerdate --format %(refname) %(objectname) %(*objectname) [6ms]
2025-04-03 19:04:30.157 [info] > git status -z -uall [54ms]
2025-04-03 19:04:30.188 [info] > git show --textconv :src/scripts/generate_base_prompts_new.py [5ms]
2025-04-03 19:04:30.189 [info] > git ls-files --stage -- src/scripts/generate_base_prompts_new.py [3ms]
2025-04-03 19:04:30.194 [info] > git cat-file -s 6486aba14c0055f5c639e5146ed55eadb820b307 [3ms]
2025-04-03 19:04:35.171 [info] > git config --get commit.template [4ms]
2025-04-03 19:04:35.175 [info] > git for-each-ref --format=%(refname)%00%(upstream:short)%00%(objectname)%00%(upstream:track)%00%(upstream:remotename)%00%(upstream:remoteref) refs/heads/bella/inference-test43 refs/remotes/bella/inference-test43 [5ms]
2025-04-03 19:04:35.187 [info] > git for-each-ref --sort -committerdate --format %(refname) %(objectname) %(*objectname) [7ms]
2025-04-03 19:04:35.244 [info] > git status -z -uall [66ms]
2025-04-03 19:04:39.013 [info] > git show --textconv :src/scripts/generate_base_prompts_new.py [5ms]
2025-04-03 19:04:39.014 [info] > git ls-files --stage -- src/scripts/generate_base_prompts_new.py [3ms]
2025-04-03 19:04:39.019 [info] > git cat-file -s 6486aba14c0055f5c639e5146ed55eadb820b307 [3ms]
2025-04-03 19:04:46.182 [info] > git blame --root --incremental 1f98b9975a1da3bf015ebcee5c5670a6b3ef3dcf -- src/scripts/generate_base_prompts_new.py [19ms]
2025-04-03 19:04:46.562 [info] > git config --get commit.template [3ms]
2025-04-03 19:04:46.567 [info] > git for-each-ref --format=%(refname)%00%(upstream:short)%00%(objectname)%00%(upstream:track)%00%(upstream:remotename)%00%(upstream:remoteref) refs/heads/bella/inference-test43 refs/remotes/bella/inference-test43 [5ms]
2025-04-03 19:04:46.580 [info] > git for-each-ref --sort -committerdate --format %(refname) %(objectname) %(*objectname) [7ms]
2025-04-03 19:04:46.866 [info] > git status -z -uall [296ms] (cancelled)
