2025-04-03 19:32:29.013 [info] [main] Log level: Info
2025-04-03 19:32:29.013 [info] [main] Validating found git in: "git"
2025-04-03 19:32:29.013 [info] [main] Using git "2.42.0" from "git"
2025-04-03 19:32:29.013 [info] [Model][doInitialScan] Initial repository scan started
2025-04-03 19:32:29.013 [info] > git rev-parse --show-toplevel [3ms]
2025-04-03 19:32:29.020 [info] > git rev-parse --git-dir --git-common-dir [8ms]
2025-04-03 19:32:29.028 [info] [Model][openRepository] Opened repository: /teamspace/studios/this_studio
2025-04-03 19:32:29.042 [info] > git config --get commit.template [8ms]
2025-04-03 19:32:29.046 [info] > git rev-parse --show-toplevel [5ms]
2025-04-03 19:32:29.051 [info] > git for-each-ref --format=%(refname)%00%(upstream:short)%00%(objectname)%00%(upstream:track)%00%(upstream:remotename)%00%(upstream:remoteref) refs/heads/bella/inference-test43 refs/remotes/bella/inference-test43 [6ms]
2025-04-03 19:32:29.084 [info] > git rev-parse --show-toplevel [34ms]
2025-04-03 19:32:29.112 [info] > git for-each-ref --sort -committerdate --format %(refname) %(objectname) %(*objectname) [54ms]
2025-04-03 19:32:29.121 [info] > git rev-parse --show-toplevel [10ms]
2025-04-03 19:32:29.134 [info] > git rev-parse --show-toplevel [10ms]
2025-04-03 19:32:29.140 [info] > git rev-parse --show-toplevel [3ms]
2025-04-03 19:32:29.145 [info] > git rev-parse --show-toplevel [2ms]
2025-04-03 19:32:29.151 [info] > git rev-parse --show-toplevel [2ms]
2025-04-03 19:32:29.156 [info] > git rev-parse --show-toplevel [3ms]
2025-04-03 19:32:29.161 [info] > git rev-parse --show-toplevel [3ms]
2025-04-03 19:32:29.166 [info] > git rev-parse --show-toplevel [3ms]
2025-04-03 19:32:29.171 [info] > git rev-parse --show-toplevel [3ms]
2025-04-03 19:32:29.176 [info] > git rev-parse --show-toplevel [3ms]
2025-04-03 19:32:29.181 [info] > git rev-parse --show-toplevel [3ms]
2025-04-03 19:32:29.186 [info] > git rev-parse --show-toplevel [2ms]
2025-04-03 19:32:29.191 [info] > git rev-parse --show-toplevel [2ms]
2025-04-03 19:32:29.196 [info] > git rev-parse --show-toplevel [2ms]
2025-04-03 19:32:29.201 [info] > git rev-parse --show-toplevel [2ms]
2025-04-03 19:32:29.206 [info] > git rev-parse --show-toplevel [2ms]
2025-04-03 19:32:29.213 [info] > git rev-parse --show-toplevel [4ms]
2025-04-03 19:32:29.215 [info] [Model][doInitialScan] Initial repository scan completed - repositories (1), closed repositories (0), parent repositories (0), unsafe repositories (0)
2025-04-03 19:32:29.334 [info] > git status -z -uall [280ms] (cancelled)
2025-04-03 19:32:29.345 [info] > git config --get commit.template [8ms]
2025-04-03 19:32:29.346 [info] > git for-each-ref --format=%(refname)%00%(upstream:short)%00%(objectname)%00%(upstream:track)%00%(upstream:remotename)%00%(upstream:remoteref) refs/heads/bella/inference-test43 refs/remotes/bella/inference-test43 [14ms]
2025-04-03 19:32:30.217 [info] > git config --get --local branch.bella/inference-test43.vscode-merge-base [868ms]
2025-04-03 19:32:30.270 [info] > git check-ignore -v -z --stdin [12ms]
2025-04-03 19:32:30.271 [info] > git for-each-ref --format=%(refname)%00%(upstream:short)%00%(objectname)%00%(upstream:track)%00%(upstream:remotename)%00%(upstream:remoteref) refs/heads/origin/main refs/remotes/origin/main [51ms]
2025-04-03 19:32:30.345 [info] > git for-each-ref --format=%(refname)%00%(upstream:short)%00%(objectname)%00%(upstream:track)%00%(upstream:remotename)%00%(upstream:remoteref) refs/heads/bella/inference-test43 refs/remotes/bella/inference-test43 [76ms]
2025-04-03 19:32:30.352 [info] > git merge-base refs/heads/bella/inference-test43 refs/remotes/origin/bella/inference-test43 [77ms]
2025-04-03 19:32:30.369 [info] > git diff --name-status -z --diff-filter=ADMR 1f98b9975a1da3bf015ebcee5c5670a6b3ef3dcf...refs/remotes/origin/bella/inference-test43 [13ms]
2025-04-03 19:32:30.369 [info] > git for-each-ref --sort -committerdate --format %(refname) %(objectname) %(*objectname) [6ms]
2025-04-03 19:32:30.556 [info] > git status -z -uall [196ms] (cancelled)
2025-04-03 19:32:31.497 [info] > git show --textconv :src/scripts/generate_base_prompts_new.py [893ms]
2025-04-03 19:32:31.525 [info] > git ls-files --stage -- src/scripts/generate_base_prompts_new.py [918ms]
2025-04-03 19:32:31.595 [info] > git cat-file -s 6486aba14c0055f5c639e5146ed55eadb820b307 [64ms]
2025-04-03 19:32:31.868 [info] > git blame --root --incremental 1f98b9975a1da3bf015ebcee5c5670a6b3ef3dcf -- src/scripts/generate_base_prompts_new.py [18ms]
2025-04-03 19:36:47.993 [info] > git show --textconv :model_input/base_prompt_input.json [6ms]
2025-04-03 19:36:47.995 [info] > git ls-files --stage -- model_input/base_prompt_input.json [3ms]
2025-04-03 19:36:48.004 [info] > git cat-file -s f42833ddb5dc29ac82caa34fbdbea47ece9a43d5 [4ms]
2025-04-03 19:36:54.235 [info] > git blame --root --incremental 1f98b9975a1da3bf015ebcee5c5670a6b3ef3dcf -- model_input/base_prompt_input.json [14ms]
2025-04-03 19:38:44.100 [info] > git show --textconv :src/scripts/generate_base_prompts_new.py [6ms]
2025-04-03 19:38:44.103 [info] > git ls-files --stage -- src/scripts/generate_base_prompts_new.py [3ms]
2025-04-03 19:38:44.111 [info] > git cat-file -s 6486aba14c0055f5c639e5146ed55eadb820b307 [3ms]
2025-04-03 20:00:54.645 [info] > git show --textconv :model_input/main_model_input.json [5ms]
2025-04-03 20:00:54.648 [info] > git ls-files --stage -- model_input/main_model_input.json [3ms]
2025-04-03 20:00:54.656 [info] > git cat-file -s ed8b66409854f83f979e7d08f86e3adb5593d82b [3ms]
2025-04-03 20:00:56.860 [info] > git show --textconv :model_input/base_prompt_input.json [10ms]
2025-04-03 20:00:56.862 [info] > git ls-files --stage -- model_input/base_prompt_input.json [3ms]
2025-04-03 20:00:56.880 [info] > git cat-file -s f42833ddb5dc29ac82caa34fbdbea47ece9a43d5 [8ms]
2025-04-03 20:03:06.729 [info] > git show --textconv :src/scripts/generate_base_prompts_new.py [5ms]
2025-04-03 20:03:06.731 [info] > git ls-files --stage -- src/scripts/generate_base_prompts_new.py [3ms]
2025-04-03 20:03:06.739 [info] > git cat-file -s 6486aba14c0055f5c639e5146ed55eadb820b307 [3ms]
2025-04-03 20:11:14.208 [info] > git show --textconv :model_input/base_prompt_input.json [4ms]
2025-04-03 20:11:14.212 [info] > git ls-files --stage -- model_input/base_prompt_input.json [4ms]
2025-04-03 20:11:14.219 [info] > git cat-file -s f42833ddb5dc29ac82caa34fbdbea47ece9a43d5 [3ms]
2025-04-03 20:11:15.799 [info] > git check-ignore -v -z --stdin [4ms]
2025-04-03 20:12:00.305 [info] > git check-ignore -v -z --stdin [4ms]
2025-04-03 20:12:01.905 [info] > git check-ignore -v -z --stdin [3ms]
2025-04-03 20:12:02.376 [info] > git show --textconv :configs/model_configs/base_prompt_config.yaml [12ms]
2025-04-03 20:12:02.378 [info] > git ls-files --stage -- configs/model_configs/base_prompt_config.yaml [4ms]
2025-04-03 20:12:02.394 [info] > git cat-file -s f09d40473121f424de97c72a99e4dec9d5830009 [7ms]
2025-04-03 20:12:04.084 [info] > git blame --root --incremental 1f98b9975a1da3bf015ebcee5c5670a6b3ef3dcf -- configs/model_configs/base_prompt_config.yaml [20ms]
2025-04-03 20:12:22.412 [info] > git show --textconv :model_input/base_prompt_input.json [5ms]
2025-04-03 20:12:22.414 [info] > git ls-files --stage -- model_input/base_prompt_input.json [2ms]
2025-04-03 20:12:22.422 [info] > git cat-file -s f42833ddb5dc29ac82caa34fbdbea47ece9a43d5 [3ms]
2025-04-03 20:15:24.723 [info] > git show --textconv :src/scripts/generate_base_prompts_new.py [5ms]
2025-04-03 20:15:24.726 [info] > git ls-files --stage -- src/scripts/generate_base_prompts_new.py [3ms]
2025-04-03 20:15:24.736 [info] > git cat-file -s 6486aba14c0055f5c639e5146ed55eadb820b307 [4ms]
2025-04-03 20:26:08.117 [info] > git show --textconv :model_input/base_prompt_input.json [6ms]
2025-04-03 20:26:08.119 [info] > git ls-files --stage -- model_input/base_prompt_input.json [2ms]
2025-04-03 20:26:08.126 [info] > git cat-file -s f42833ddb5dc29ac82caa34fbdbea47ece9a43d5 [3ms]
2025-04-03 20:26:46.207 [info] > git show --textconv :src/scripts/generate_base_prompts_new.py [5ms]
2025-04-03 20:26:46.209 [info] > git ls-files --stage -- src/scripts/generate_base_prompts_new.py [3ms]
2025-04-03 20:26:46.219 [info] > git cat-file -s 6486aba14c0055f5c639e5146ed55eadb820b307 [4ms]
2025-04-03 20:28:31.606 [info] > git show --textconv :configs/model_configs/main_model_config.yaml [6ms]
2025-04-03 20:28:31.607 [info] > git ls-files --stage -- configs/model_configs/main_model_config.yaml [3ms]
2025-04-03 20:28:31.615 [info] > git cat-file -s 86cf14a30ec5531fca3bd2f9d0404b6c6c1c623d [3ms]
2025-04-03 20:28:33.775 [info] > git show --textconv :configs/model_configs/base_prompt_config.yaml [5ms]
2025-04-03 20:28:33.778 [info] > git ls-files --stage -- configs/model_configs/base_prompt_config.yaml [3ms]
2025-04-03 20:28:33.785 [info] > git cat-file -s f09d40473121f424de97c72a99e4dec9d5830009 [3ms]
2025-04-03 20:28:34.742 [info] > git show --textconv :configs/model_configs/fine_tuning_config.yaml [6ms]
2025-04-03 20:28:34.744 [info] > git ls-files --stage -- configs/model_configs/fine_tuning_config.yaml [3ms]
2025-04-03 20:28:34.752 [info] > git cat-file -s e69de29bb2d1d6434b8b29ae775ad8c2e48c5391 [3ms]
2025-04-03 20:28:35.899 [info] > git show --textconv :configs/model_configs/prompt_variation_config.yaml [5ms]
2025-04-03 20:28:35.901 [info] > git ls-files --stage -- configs/model_configs/prompt_variation_config.yaml [3ms]
2025-04-03 20:28:35.909 [info] > git cat-file -s e69de29bb2d1d6434b8b29ae775ad8c2e48c5391 [3ms]
2025-04-03 20:28:36.793 [info] > git ls-files --stage -- configs/model_configs/validator_model_config.yaml [5ms]
2025-04-03 20:28:36.801 [info] > git show --textconv :configs/model_configs/validator_model_config.yaml [22ms]
2025-04-03 20:28:36.855 [info] > git cat-file -s 47199500fd9bb88a61099438dead2589fb8f8862 [53ms]
2025-04-03 20:28:38.352 [info] > git show --textconv :configs/model_configs/base_prompt_config.yaml [4ms]
2025-04-03 20:28:38.355 [info] > git ls-files --stage -- configs/model_configs/base_prompt_config.yaml [3ms]
2025-04-03 20:28:38.363 [info] > git cat-file -s f09d40473121f424de97c72a99e4dec9d5830009 [4ms]
2025-04-03 20:32:12.310 [info] > git show --textconv :src/scripts/generate_base_prompts_new.py [5ms]
2025-04-03 20:32:12.312 [info] > git ls-files --stage -- src/scripts/generate_base_prompts_new.py [3ms]
2025-04-03 20:32:12.320 [info] > git cat-file -s 6486aba14c0055f5c639e5146ed55eadb820b307 [3ms]
2025-04-03 20:38:33.730 [info] > git check-ignore -v -z --stdin [3ms]
2025-04-03 20:39:07.659 [info] > git show --textconv :src/scripts/generate_base_prompts_new.py [5ms]
2025-04-03 20:39:07.661 [info] > git ls-files --stage -- src/scripts/generate_base_prompts_new.py [3ms]
2025-04-03 20:39:07.669 [info] > git cat-file -s 6486aba14c0055f5c639e5146ed55eadb820b307 [3ms]
2025-04-03 20:39:10.007 [info] > git show -s --decorate=full --shortstat --format=%H%n%aN%n%aE%n%at%n%ct%n%P%n%D%n%B -z a985d44180e8002dcc5a97c8088deb156b921a92 [21ms]
2025-04-03 20:39:28.705 [info] > git ls-files --stage -- src/scripts/generate_base_prompts_new.py [4ms]
2025-04-03 20:39:28.714 [info] > git cat-file -s 36db289cdf47d3acaf446c26ed9dc0074aeb050d [4ms]
2025-04-03 20:39:28.823 [info] > git show --textconv :src/scripts/generate_base_prompts_new.py [4ms]
2025-04-03 20:39:55.750 [info] > git ls-files --stage -- src/scripts/generate_base_prompts_new.py [4ms]
2025-04-03 20:39:55.758 [info] > git cat-file -s 36db289cdf47d3acaf446c26ed9dc0074aeb050d [4ms]
2025-04-03 20:39:55.862 [info] > git show --textconv :src/scripts/generate_base_prompts_new.py [4ms]
2025-04-03 20:40:02.784 [info] > git ls-files --stage -- src/scripts/generate_base_prompts_new.py [2ms]
2025-04-03 20:40:02.792 [info] > git cat-file -s 36db289cdf47d3acaf446c26ed9dc0074aeb050d [4ms]
2025-04-03 20:40:02.891 [info] > git show --textconv :src/scripts/generate_base_prompts_new.py [4ms]
2025-04-03 20:40:12.755 [info] > git ls-files --stage -- src/scripts/generate_base_prompts_new.py [4ms]
2025-04-03 20:40:12.762 [info] > git cat-file -s 36db289cdf47d3acaf446c26ed9dc0074aeb050d [3ms]
2025-04-03 20:40:12.833 [info] > git show --textconv :src/scripts/generate_base_prompts_new.py [4ms]
2025-04-03 20:40:20.269 [info] > git ls-files --stage -- src/scripts/generate_base_prompts_new.py [3ms]
2025-04-03 20:40:20.277 [info] > git cat-file -s 36db289cdf47d3acaf446c26ed9dc0074aeb050d [3ms]
2025-04-03 20:40:20.377 [info] > git show --textconv :src/scripts/generate_base_prompts_new.py [4ms]
2025-04-03 20:44:15.369 [info] > git ls-files --stage -- src/scripts/generate_base_prompts_new.py [3ms]
2025-04-03 20:44:15.377 [info] > git cat-file -s 36db289cdf47d3acaf446c26ed9dc0074aeb050d [3ms]
2025-04-03 20:44:15.477 [info] > git show --textconv :src/scripts/generate_base_prompts_new.py [4ms]
2025-04-03 20:45:46.813 [info] > git show --textconv :.gitignore [6ms]
2025-04-03 20:45:46.815 [info] > git ls-files --stage -- .gitignore [3ms]
2025-04-03 20:45:46.823 [info] > git cat-file -s 49b94eeecbef510f74dbc47b909ba2620f2f3c79 [4ms]
2025-04-03 20:46:58.707 [info] > git show --textconv :src/scripts/generate_base_prompts_new.py [5ms]
2025-04-03 20:46:58.709 [info] > git ls-files --stage -- src/scripts/generate_base_prompts_new.py [3ms]
2025-04-03 20:46:58.718 [info] > git cat-file -s 36db289cdf47d3acaf446c26ed9dc0074aeb050d [4ms]
2025-04-03 20:53:09.665 [info] > git show --textconv :src/scripts/generate_base_prompts_new.py [6ms]
2025-04-03 20:53:09.666 [info] > git ls-files --stage -- src/scripts/generate_base_prompts_new.py [3ms]
2025-04-03 20:53:09.674 [info] > git cat-file -s 36db289cdf47d3acaf446c26ed9dc0074aeb050d [3ms]
2025-04-03 20:53:43.881 [info] > git show --textconv :src/scripts/generate_base_prompts.py [7ms]
2025-04-03 20:53:43.882 [info] > git ls-files --stage -- src/scripts/generate_base_prompts.py [4ms]
2025-04-03 20:53:43.891 [info] > git cat-file -s 4aecc43f41cfb23b72093d7cdbf9eff5fff8de43 [3ms]
2025-04-03 20:53:44.409 [info] > git show --textconv :src/scripts/generate_base_prompts_new.py [5ms]
2025-04-03 20:53:44.411 [info] > git ls-files --stage -- src/scripts/generate_base_prompts_new.py [3ms]
2025-04-03 20:53:44.419 [info] > git cat-file -s 36db289cdf47d3acaf446c26ed9dc0074aeb050d [4ms]
2025-04-03 20:58:28.215 [info] > git show --textconv :configs/model_configs/base_prompt_config.yaml [5ms]
2025-04-03 20:58:28.217 [info] > git ls-files --stage -- configs/model_configs/base_prompt_config.yaml [3ms]
2025-04-03 20:58:28.225 [info] > git cat-file -s c2edfcac843e0e2ef65b5946686016ae8b4d45bb [4ms]
2025-04-03 20:58:30.069 [info] > git show --textconv :configs/model_configs/main_model_config.yaml [5ms]
2025-04-03 20:58:30.071 [info] > git ls-files --stage -- configs/model_configs/main_model_config.yaml [3ms]
2025-04-03 20:58:30.079 [info] > git cat-file -s 86cf14a30ec5531fca3bd2f9d0404b6c6c1c623d [4ms]
2025-04-03 20:58:32.708 [info] > git ls-files --stage -- model_input/base_prompt_input.json [3ms]
2025-04-03 20:58:32.753 [info] > git show --textconv :model_input/base_prompt_input.json [52ms]
2025-04-03 20:58:32.755 [info] > git cat-file -s 81c43e9995693c7b9030027abf0614677cff6529 [43ms]
2025-04-03 20:59:17.729 [info] > git show --textconv :src/scripts/generate_base_prompts_new.py [5ms]
2025-04-03 20:59:17.730 [info] > git ls-files --stage -- src/scripts/generate_base_prompts_new.py [2ms]
2025-04-03 20:59:17.738 [info] > git cat-file -s 36db289cdf47d3acaf446c26ed9dc0074aeb050d [3ms]
2025-04-03 20:59:33.980 [info] > git show --textconv :model_input/base_prompt_input.json [4ms]
2025-04-03 20:59:33.983 [info] > git ls-files --stage -- model_input/base_prompt_input.json [3ms]
2025-04-03 20:59:33.991 [info] > git cat-file -s 81c43e9995693c7b9030027abf0614677cff6529 [4ms]
2025-04-03 21:06:31.623 [info] > git show --textconv :src/scripts/generate_base_prompts_new.py [7ms]
2025-04-03 21:06:31.626 [info] > git ls-files --stage -- src/scripts/generate_base_prompts_new.py [2ms]
2025-04-03 21:06:31.635 [info] > git cat-file -s 36db289cdf47d3acaf446c26ed9dc0074aeb050d [4ms]
2025-04-03 21:09:38.297 [info] > git show --textconv :model_input/base_prompt_input.json [5ms]
2025-04-03 21:09:38.299 [info] > git ls-files --stage -- model_input/base_prompt_input.json [3ms]
2025-04-03 21:09:38.308 [info] > git cat-file -s 81c43e9995693c7b9030027abf0614677cff6529 [4ms]
2025-04-03 21:11:59.346 [info] > git show --textconv :src/scripts/generate_base_prompts_new.py [6ms]
2025-04-03 21:11:59.348 [info] > git ls-files --stage -- src/scripts/generate_base_prompts_new.py [3ms]
2025-04-03 21:11:59.356 [info] > git cat-file -s 36db289cdf47d3acaf446c26ed9dc0074aeb050d [3ms]
2025-04-03 21:14:42.410 [info] > git show --textconv :model_input/main_model_input.json [5ms]
2025-04-03 21:14:42.412 [info] > git ls-files --stage -- model_input/main_model_input.json [3ms]
2025-04-03 21:14:42.420 [info] > git cat-file -s ed8b66409854f83f979e7d08f86e3adb5593d82b [3ms]
2025-04-03 21:14:43.699 [info] > git show --textconv :model_input/base_prompt_input.json [5ms]
2025-04-03 21:14:43.701 [info] > git ls-files --stage -- model_input/base_prompt_input.json [3ms]
2025-04-03 21:14:43.709 [info] > git cat-file -s 81c43e9995693c7b9030027abf0614677cff6529 [3ms]
2025-04-03 21:16:14.022 [info] > git show --textconv :src/scripts/generate_base_prompts_new.py [6ms]
2025-04-03 21:16:14.024 [info] > git ls-files --stage -- src/scripts/generate_base_prompts_new.py [3ms]
2025-04-03 21:16:14.033 [info] > git cat-file -s 36db289cdf47d3acaf446c26ed9dc0074aeb050d [4ms]
2025-04-03 21:18:10.872 [info] > git show --textconv :model_input/base_prompt_input.json [6ms]
2025-04-03 21:18:10.874 [info] > git ls-files --stage -- model_input/base_prompt_input.json [3ms]
2025-04-03 21:18:10.882 [info] > git cat-file -s 81c43e9995693c7b9030027abf0614677cff6529 [3ms]
2025-04-03 21:18:14.813 [info] > git show --textconv :src/scripts/generate_base_prompts_new.py [7ms]
2025-04-03 21:18:14.814 [info] > git ls-files --stage -- src/scripts/generate_base_prompts_new.py [3ms]
2025-04-03 21:18:14.822 [info] > git cat-file -s 36db289cdf47d3acaf446c26ed9dc0074aeb050d [3ms]
2025-04-03 21:21:18.582 [info] > git show --textconv :configs/model_configs/base_prompt_config.yaml [8ms]
2025-04-03 21:21:18.582 [info] > git ls-files --stage -- configs/model_configs/base_prompt_config.yaml [3ms]
2025-04-03 21:21:18.590 [info] > git cat-file -s c2edfcac843e0e2ef65b5946686016ae8b4d45bb [3ms]
2025-04-03 21:21:24.141 [info] > git show --textconv :configs/data_size_configs.py [8ms]
2025-04-03 21:21:24.142 [info] > git ls-files --stage -- configs/data_size_configs.py [3ms]
2025-04-03 21:21:24.150 [info] > git cat-file -s 1de867455d2543abaf7224617fd6468fb385c6d3 [3ms]
2025-04-03 21:21:24.719 [info] > git show --textconv :configs/root_paths.py [7ms]
2025-04-03 21:21:24.722 [info] > git ls-files --stage -- configs/root_paths.py [3ms]
2025-04-03 21:21:24.732 [info] > git cat-file -s 66331fb4fd1fe28a1daf083776eda10105087788 [4ms]
2025-04-03 21:21:46.439 [info] > git show --textconv :model_input/base_prompt_input.json [5ms]
2025-04-03 21:21:46.442 [info] > git ls-files --stage -- model_input/base_prompt_input.json [3ms]
2025-04-03 21:21:46.450 [info] > git cat-file -s 81c43e9995693c7b9030027abf0614677cff6529 [3ms]
2025-04-03 21:22:07.191 [info] > git show --textconv :src/scripts/fine_tune_main_model.py [6ms]
2025-04-03 21:22:07.193 [info] > git ls-files --stage -- src/scripts/fine_tune_main_model.py [3ms]
2025-04-03 21:22:07.201 [info] > git cat-file -s e69de29bb2d1d6434b8b29ae775ad8c2e48c5391 [3ms]
2025-04-03 21:22:07.821 [info] > git show --textconv :src/scripts/generate_base_prompts_new.py [6ms]
2025-04-03 21:22:07.822 [info] > git ls-files --stage -- src/scripts/generate_base_prompts_new.py [3ms]
2025-04-03 21:22:07.831 [info] > git cat-file -s 36db289cdf47d3acaf446c26ed9dc0074aeb050d [4ms]
2025-04-03 21:23:36.478 [info] > git show --textconv :model_input/base_prompt_input.json [8ms]
2025-04-03 21:23:36.481 [info] > git ls-files --stage -- model_input/base_prompt_input.json [4ms]
2025-04-03 21:23:36.492 [info] > git cat-file -s 81c43e9995693c7b9030027abf0614677cff6529 [3ms]
2025-04-03 21:23:54.946 [info] > git show --textconv :src/scripts/generate_base_prompts_new.py [7ms]
2025-04-03 21:23:54.947 [info] > git ls-files --stage -- src/scripts/generate_base_prompts_new.py [3ms]
2025-04-03 21:23:54.957 [info] > git cat-file -s 36db289cdf47d3acaf446c26ed9dc0074aeb050d [4ms]
2025-04-03 21:26:10.192 [info] > git show --textconv :configs/model_configs/base_prompt_config.yaml [4ms]
2025-04-03 21:26:10.195 [info] > git ls-files --stage -- configs/model_configs/base_prompt_config.yaml [3ms]
2025-04-03 21:26:10.203 [info] > git cat-file -s c2edfcac843e0e2ef65b5946686016ae8b4d45bb [3ms]
2025-04-03 21:26:12.527 [info] > git ls-files --stage -- model_input/base_prompt_input.json [3ms]
2025-04-03 21:26:12.553 [info] > git show --textconv :model_input/base_prompt_input.json [33ms]
2025-04-03 21:26:12.553 [info] > git cat-file -s 81c43e9995693c7b9030027abf0614677cff6529 [21ms]
2025-04-03 21:31:14.810 [info] > git show --textconv :src/scripts/generate_base_prompts_new.py [6ms]
2025-04-03 21:31:14.812 [info] > git ls-files --stage -- src/scripts/generate_base_prompts_new.py [3ms]
2025-04-03 21:31:14.821 [info] > git cat-file -s 36db289cdf47d3acaf446c26ed9dc0074aeb050d [4ms]
2025-04-03 21:32:55.590 [info] > git show --textconv :model_input/base_prompt_input.json [5ms]
2025-04-03 21:32:55.593 [info] > git ls-files --stage -- model_input/base_prompt_input.json [3ms]
2025-04-03 21:32:55.601 [info] > git cat-file -s 81c43e9995693c7b9030027abf0614677cff6529 [3ms]
2025-04-03 21:35:14.321 [info] > git show --textconv :src/scripts/fine_tune_main_model.py [5ms]
2025-04-03 21:35:14.324 [info] > git ls-files --stage -- src/scripts/fine_tune_main_model.py [3ms]
2025-04-03 21:35:14.332 [info] > git cat-file -s e69de29bb2d1d6434b8b29ae775ad8c2e48c5391 [3ms]
2025-04-03 21:35:33.598 [info] > git show --textconv :src/scripts/generate_base_prompts.py [5ms]
2025-04-03 21:35:33.601 [info] > git ls-files --stage -- src/scripts/generate_base_prompts.py [3ms]
2025-04-03 21:35:33.609 [info] > git cat-file -s 4aecc43f41cfb23b72093d7cdbf9eff5fff8de43 [3ms]
2025-04-03 21:35:34.165 [info] > git show --textconv :src/scripts/generate_base_prompts_new.py [6ms]
2025-04-03 21:35:34.167 [info] > git ls-files --stage -- src/scripts/generate_base_prompts_new.py [3ms]
2025-04-03 21:35:34.176 [info] > git cat-file -s 36db289cdf47d3acaf446c26ed9dc0074aeb050d [4ms]
2025-04-03 21:37:31.214 [info] > git show --textconv :model_input/base_prompt_input.json [7ms]
2025-04-03 21:37:31.215 [info] > git ls-files --stage -- model_input/base_prompt_input.json [3ms]
2025-04-03 21:37:31.224 [info] > git cat-file -s 81c43e9995693c7b9030027abf0614677cff6529 [4ms]
2025-04-03 21:42:22.823 [info] > git show --textconv :src/scripts/generate_base_prompts_new.py [5ms]
2025-04-03 21:42:22.825 [info] > git ls-files --stage -- src/scripts/generate_base_prompts_new.py [3ms]
2025-04-03 21:42:22.835 [info] > git cat-file -s 36db289cdf47d3acaf446c26ed9dc0074aeb050d [4ms]
2025-04-03 21:48:21.751 [info] > git show --textconv :model_input/base_prompt_input.json [7ms]
2025-04-03 21:48:21.754 [info] > git ls-files --stage -- model_input/base_prompt_input.json [3ms]
2025-04-03 21:48:21.763 [info] > git cat-file -s 81c43e9995693c7b9030027abf0614677cff6529 [4ms]
2025-04-03 22:01:07.161 [info] > git show --textconv :configs/model_configs/base_prompt_config.yaml [5ms]
2025-04-03 22:01:07.164 [info] > git ls-files --stage -- configs/model_configs/base_prompt_config.yaml [3ms]
2025-04-03 22:01:07.172 [info] > git cat-file -s c2edfcac843e0e2ef65b5946686016ae8b4d45bb [3ms]
2025-04-03 22:04:38.021 [info] > git show --textconv :configs/settings.yaml [6ms]
2025-04-03 22:04:38.023 [info] > git ls-files --stage -- configs/settings.yaml [3ms]
2025-04-03 22:04:38.031 [info] > git cat-file -s e69de29bb2d1d6434b8b29ae775ad8c2e48c5391 [3ms]
2025-04-03 22:06:27.750 [info] > git show --textconv :configs/model_configs/base_prompt_config.yaml [7ms]
2025-04-03 22:06:27.752 [info] > git ls-files --stage -- configs/model_configs/base_prompt_config.yaml [3ms]
2025-04-03 22:06:27.769 [info] > git cat-file -s a97955d0d7ddc538ea4f885f316a3c58205145d1 [7ms]
2025-04-03 22:07:28.627 [info] > git show --textconv :configs/data_size_configs.py [6ms]
2025-04-03 22:07:28.629 [info] > git ls-files --stage -- configs/data_size_configs.py [3ms]
2025-04-03 22:07:28.637 [info] > git cat-file -s 1de867455d2543abaf7224617fd6468fb385c6d3 [3ms]
