2025-04-03 18:38:52.816 [info] Extension host with pid 36560 started
2025-04-03 18:38:52.819 [info] Lock '/teamspace/studios/this_studio/.vscode-server/data/User/workspaceStorage/bdfe20aae534cda5a13972897e35a8b4/vscode.lock': Lock acquired.
2025-04-03 18:38:52.888 [info] Eager extensions activated
2025-04-03 18:38:55.428 [info] ExtensionService#_doActivateExtension vscode.debug-auto-launch, startup: false, activationEvent: 'onStartupFinished'
2025-04-03 18:38:55.429 [info] ExtensionService#_doActivateExtension vscode.git-base, startup: false, activationEvent: '*', root cause: vscode.git
2025-04-03 18:38:55.429 [info] ExtensionService#_doActivateExtension vscode.merge-conflict, startup: false, activationEvent: 'onStartupFinished'
2025-04-03 18:38:55.621 [info] ExtensionService#_doActivateExtension vscode.git, startup: false, activationEvent: '*'
2025-04-03 18:38:55.621 [info] ExtensionService#_doActivateExtension vscode.github, startup: false, activationEvent: '*'
2025-04-03 18:38:55.893 [warning] [Decorations] CAPPING events from decorations provider vscode.git 511
2025-04-03 18:38:56.018 [info] ExtensionService#_doActivateExtension vscode.emmet, startup: false, activationEvent: 'onLanguage'
2025-04-03 18:38:56.070 [warning] [Decorations] CAPPING events from decorations provider vscode.git 511
2025-04-03 18:39:00.991 [warning] [Decorations] CAPPING events from decorations provider vscode.git 511
2025-04-03 18:39:06.025 [warning] [Decorations] CAPPING events from decorations provider vscode.git 511
2025-04-03 18:39:11.060 [warning] [Decorations] CAPPING events from decorations provider vscode.git 511
2025-04-03 18:39:16.099 [warning] [Decorations] CAPPING events from decorations provider vscode.git 511
2025-04-03 18:40:19.811 [warning] [Decorations] CAPPING events from decorations provider vscode.git 511
2025-04-03 18:40:23.057 [info] ExtensionService#_doActivateExtension vscode.configuration-editing, startup: false, activationEvent: 'onLanguage:json'
2025-04-03 18:40:23.058 [info] ExtensionService#_doActivateExtension vscode.extension-editing, startup: false, activationEvent: 'onLanguage:json'
2025-04-03 18:40:23.058 [info] ExtensionService#_doActivateExtension vscode.json-language-features, startup: false, activationEvent: 'onLanguage:json'
2025-04-03 18:40:23.058 [info] ExtensionService#_doActivateExtension vscode.npm, startup: false, activationEvent: 'onLanguage:json'
2025-04-03 18:40:24.918 [warning] [Decorations] CAPPING events from decorations provider vscode.git 512
2025-04-03 18:40:30.025 [warning] [Decorations] CAPPING events from decorations provider vscode.git 512
