2025-04-03 19:04:43.648 [info] Starting Python Locator /teamspace/studios/this_studio/.vscode-server/extensions/ms-python.python-2025.2.0-linux-x64/python-env-tools/bin/pet server
2025-04-03 19:04:43.648 [info] Discovered manager: (Poetry) /commands/poetry
2025-04-03 19:04:43.648 [info] Discovered manager: (Conda) /home/zeus/miniconda3/bin/conda
2025-04-03 19:04:43.648 [info] Discovered env: /home/zeus/miniconda3/envs/cloudspace/bin/python
2025-04-03 19:04:43.649 [info] Discovered env: /usr/bin/python3
2025-04-03 19:04:43.649 [info] Discovered env: /bin/python3
2025-04-03 19:04:43.650 [info] Locator Conda took 32.365273ms
2025-04-03 19:04:43.650 [info] Locator Homebrew took 489.442µs
2025-04-03 19:04:43.650 [info] Locator LinuxGlobal took 140.907339ms
2025-04-03 19:04:43.650 [info] Locator PipEnv took 20.92µs
2025-04-03 19:04:43.650 [info] Locator Pixi took 72.431µs
2025-04-03 19:04:43.650 [info] Locator Poetry took 862.071µs
2025-04-03 19:04:43.650 [info] Locator PyEnv took 1.182259ms
2025-04-03 19:04:43.650 [info] Locator Venv took 17.701µs
2025-04-03 19:04:43.650 [info] Locator VirtualEnv took 23.201µs
2025-04-03 19:04:43.650 [info] Locator VirtualEnvWrapper took 14.491µs
2025-04-03 19:04:43.650 [info] Locator GlobalVirtualEnvs took 778.639µs
2025-04-03 19:04:43.650 [info] Locator Locators took 142.076918ms
2025-04-03 19:04:43.650 [info] Locator Path took 194.072025ms
2025-04-03 19:04:43.650 [info] Locator Workspaces took 18.19427ms
2025-04-03 19:04:43.650 [info] Refresh completed in 194ms
2025-04-03 19:04:43.670 [info] Resolved Python Environment /home/zeus/miniconda3/envs/cloudspace/bin/python
