Requirement already satisfied: absl-py==2.2.0 in /ext3/miniconda3/envs/venv-darren/lib/python3.11/site-packages (from -r /scratch/dj2565/prompt-optimization/requirements.txt (line 1)) (2.2.0)
Requirement already satisfied: accelerate==1.6.0 in /ext3/miniconda3/envs/venv-darren/lib/python3.11/site-packages (from -r /scratch/dj2565/prompt-optimization/requirements.txt (line 2)) (1.6.0)
Requirement already satisfied: aiohappyeyeballs==2.6.1 in /ext3/miniconda3/envs/venv-darren/lib/python3.11/site-packages (from -r /scratch/dj2565/prompt-optimization/requirements.txt (line 3)) (2.6.1)
Requirement already satisfied: aiohttp==3.11.14 in /ext3/miniconda3/envs/venv-darren/lib/python3.11/site-packages (from -r /scratch/dj2565/prompt-optimization/requirements.txt (line 4)) (3.11.14)
Requirement already satisfied: aiosignal==1.3.2 in /ext3/miniconda3/envs/venv-darren/lib/python3.11/site-packages (from -r /scratch/dj2565/prompt-optimization/requirements.txt (line 5)) (1.3.2)
Requirement already satisfied: annotated-types==0.7.0 in /ext3/miniconda3/envs/venv-darren/lib/python3.11/site-packages (from -r /scratch/dj2565/prompt-optimization/requirements.txt (line 6)) (0.7.0)
Requirement already satisfied: anyio==4.9.0 in /ext3/miniconda3/envs/venv-darren/lib/python3.11/site-packages (from -r /scratch/dj2565/prompt-optimization/requirements.txt (line 7)) (4.9.0)
Requirement already satisfied: argon2-cffi==23.1.0 in /ext3/miniconda3/envs/venv-darren/lib/python3.11/site-packages (from -r /scratch/dj2565/prompt-optimization/requirements.txt (line 8)) (23.1.0)
Requirement already satisfied: argon2-cffi-bindings==21.2.0 in /ext3/miniconda3/envs/venv-darren/lib/python3.11/site-packages (from -r /scratch/dj2565/prompt-optimization/requirements.txt (line 9)) (21.2.0)
Requirement already satisfied: arrow==1.3.0 in /ext3/miniconda3/envs/venv-darren/lib/python3.11/site-packages (from -r /scratch/dj2565/prompt-optimization/requirements.txt (line 10)) (1.3.0)
Requirement already satisfied: asttokens==3.0.0 in /ext3/miniconda3/envs/venv-darren/lib/python3.11/site-packages (from -r /scratch/dj2565/prompt-optimization/requirements.txt (line 11)) (3.0.0)
Requirement already satisfied: astunparse==1.6.3 in /ext3/miniconda3/envs/venv-darren/lib/python3.11/site-packages (from -r /scratch/dj2565/prompt-optimization/requirements.txt (line 12)) (1.6.3)
Requirement already satisfied: async-lru==2.0.5 in /ext3/miniconda3/envs/venv-darren/lib/python3.11/site-packages (from -r /scratch/dj2565/prompt-optimization/requirements.txt (line 13)) (2.0.5)
Requirement already satisfied: async-timeout==5.0.1 in /ext3/miniconda3/envs/venv-darren/lib/python3.11/site-packages (from -r /scratch/dj2565/prompt-optimization/requirements.txt (line 14)) (5.0.1)
Requirement already satisfied: attrs==25.3.0 in /ext3/miniconda3/envs/venv-darren/lib/python3.11/site-packages (from -r /scratch/dj2565/prompt-optimization/requirements.txt (line 15)) (25.3.0)
Requirement already satisfied: babel==2.17.0 in /ext3/miniconda3/envs/venv-darren/lib/python3.11/site-packages (from -r /scratch/dj2565/prompt-optimization/requirements.txt (line 16)) (2.17.0)
Requirement already satisfied: backoff==2.2.1 in /ext3/miniconda3/envs/venv-darren/lib/python3.11/site-packages (from -r /scratch/dj2565/prompt-optimization/requirements.txt (line 17)) (2.2.1)
Requirement already satisfied: beautifulsoup4==4.13.3 in /ext3/miniconda3/envs/venv-darren/lib/python3.11/site-packages (from -r /scratch/dj2565/prompt-optimization/requirements.txt (line 18)) (4.13.3)
Requirement already satisfied: bleach==6.2.0 in /ext3/miniconda3/envs/venv-darren/lib/python3.11/site-packages (from -r /scratch/dj2565/prompt-optimization/requirements.txt (line 19)) (6.2.0)
Requirement already satisfied: boto3==1.37.16 in /ext3/miniconda3/envs/venv-darren/lib/python3.11/site-packages (from -r /scratch/dj2565/prompt-optimization/requirements.txt (line 20)) (1.37.16)
Requirement already satisfied: botocore==1.37.16 in /ext3/miniconda3/envs/venv-darren/lib/python3.11/site-packages (from -r /scratch/dj2565/prompt-optimization/requirements.txt (line 21)) (1.37.16)
Requirement already satisfied: cachetools==5.5.2 in /ext3/miniconda3/envs/venv-darren/lib/python3.11/site-packages (from -r /scratch/dj2565/prompt-optimization/requirements.txt (line 22)) (5.5.2)
Requirement already satisfied: certifi==2025.1.31 in /ext3/miniconda3/envs/venv-darren/lib/python3.11/site-packages (from -r /scratch/dj2565/prompt-optimization/requirements.txt (line 23)) (2025.1.31)
Requirement already satisfied: cffi==1.17.1 in /ext3/miniconda3/envs/venv-darren/lib/python3.11/site-packages (from -r /scratch/dj2565/prompt-optimization/requirements.txt (line 24)) (1.17.1)
Requirement already satisfied: charset-normalizer==3.4.1 in /ext3/miniconda3/envs/venv-darren/lib/python3.11/site-packages (from -r /scratch/dj2565/prompt-optimization/requirements.txt (line 25)) (3.4.1)
Requirement already satisfied: click==8.1.8 in /ext3/miniconda3/envs/venv-darren/lib/python3.11/site-packages (from -r /scratch/dj2565/prompt-optimization/requirements.txt (line 26)) (8.1.8)
Requirement already satisfied: comm==0.2.2 in /ext3/miniconda3/envs/venv-darren/lib/python3.11/site-packages (from -r /scratch/dj2565/prompt-optimization/requirements.txt (line 27)) (0.2.2)
Requirement already satisfied: contourpy==1.3.1 in /ext3/miniconda3/envs/venv-darren/lib/python3.11/site-packages (from -r /scratch/dj2565/prompt-optimization/requirements.txt (line 28)) (1.3.1)
Requirement already satisfied: cramjam==2.9.1 in /ext3/miniconda3/envs/venv-darren/lib/python3.11/site-packages (from -r /scratch/dj2565/prompt-optimization/requirements.txt (line 29)) (2.9.1)
Requirement already satisfied: cycler==0.12.1 in /ext3/miniconda3/envs/venv-darren/lib/python3.11/site-packages (from -r /scratch/dj2565/prompt-optimization/requirements.txt (line 30)) (0.12.1)
Requirement already satisfied: debugpy==1.8.13 in /ext3/miniconda3/envs/venv-darren/lib/python3.11/site-packages (from -r /scratch/dj2565/prompt-optimization/requirements.txt (line 31)) (1.8.13)
Requirement already satisfied: decorator==5.2.1 in /ext3/miniconda3/envs/venv-darren/lib/python3.11/site-packages (from -r /scratch/dj2565/prompt-optimization/requirements.txt (line 32)) (5.2.1)
Requirement already satisfied: defusedxml==0.7.1 in /ext3/miniconda3/envs/venv-darren/lib/python3.11/site-packages (from -r /scratch/dj2565/prompt-optimization/requirements.txt (line 33)) (0.7.1)
Requirement already satisfied: docker==7.1.0 in /ext3/miniconda3/envs/venv-darren/lib/python3.11/site-packages (from -r /scratch/dj2565/prompt-optimization/requirements.txt (line 34)) (7.1.0)
Requirement already satisfied: exceptiongroup==1.2.2 in /ext3/miniconda3/envs/venv-darren/lib/python3.11/site-packages (from -r /scratch/dj2565/prompt-optimization/requirements.txt (line 35)) (1.2.2)
Requirement already satisfied: executing==2.2.0 in /ext3/miniconda3/envs/venv-darren/lib/python3.11/site-packages (from -r /scratch/dj2565/prompt-optimization/requirements.txt (line 36)) (2.2.0)
Requirement already satisfied: fastapi==0.115.11 in /ext3/miniconda3/envs/venv-darren/lib/python3.11/site-packages (from -r /scratch/dj2565/prompt-optimization/requirements.txt (line 37)) (0.115.11)
Requirement already satisfied: fastjsonschema==2.21.1 in /ext3/miniconda3/envs/venv-darren/lib/python3.11/site-packages (from -r /scratch/dj2565/prompt-optimization/requirements.txt (line 38)) (2.21.1)
Requirement already satisfied: fastparquet==2024.11.0 in /ext3/miniconda3/envs/venv-darren/lib/python3.11/site-packages (from -r /scratch/dj2565/prompt-optimization/requirements.txt (line 39)) (2024.11.0)
Requirement already satisfied: filelock==3.18.0 in /ext3/miniconda3/envs/venv-darren/lib/python3.11/site-packages (from -r /scratch/dj2565/prompt-optimization/requirements.txt (line 40)) (3.18.0)
Requirement already satisfied: flash-attention==1.0.0 in /ext3/miniconda3/envs/venv-darren/lib/python3.11/site-packages (from -r /scratch/dj2565/prompt-optimization/requirements.txt (line 41)) (1.0.0)
Requirement already satisfied: flatbuffers==25.2.10 in /ext3/miniconda3/envs/venv-darren/lib/python3.11/site-packages (from -r /scratch/dj2565/prompt-optimization/requirements.txt (line 42)) (25.2.10)
Requirement already satisfied: fonttools==4.56.0 in /ext3/miniconda3/envs/venv-darren/lib/python3.11/site-packages (from -r /scratch/dj2565/prompt-optimization/requirements.txt (line 43)) (4.56.0)
Requirement already satisfied: fqdn==1.5.1 in /ext3/miniconda3/envs/venv-darren/lib/python3.11/site-packages (from -r /scratch/dj2565/prompt-optimization/requirements.txt (line 44)) (1.5.1)
Requirement already satisfied: frozenlist==1.5.0 in /ext3/miniconda3/envs/venv-darren/lib/python3.11/site-packages (from -r /scratch/dj2565/prompt-optimization/requirements.txt (line 45)) (1.5.0)
Requirement already satisfied: fsspec==2025.3.0 in /ext3/miniconda3/envs/venv-darren/lib/python3.11/site-packages (from -r /scratch/dj2565/prompt-optimization/requirements.txt (line 46)) (2025.3.0)
Requirement already satisfied: gast==0.6.0 in /ext3/miniconda3/envs/venv-darren/lib/python3.11/site-packages (from -r /scratch/dj2565/prompt-optimization/requirements.txt (line 47)) (0.6.0)
Requirement already satisfied: google-auth==2.38.0 in /ext3/miniconda3/envs/venv-darren/lib/python3.11/site-packages (from -r /scratch/dj2565/prompt-optimization/requirements.txt (line 48)) (2.38.0)
Requirement already satisfied: google-auth-oauthlib==1.2.1 in /ext3/miniconda3/envs/venv-darren/lib/python3.11/site-packages (from -r /scratch/dj2565/prompt-optimization/requirements.txt (line 49)) (1.2.1)
Requirement already satisfied: google-pasta==0.2.0 in /ext3/miniconda3/envs/venv-darren/lib/python3.11/site-packages (from -r /scratch/dj2565/prompt-optimization/requirements.txt (line 50)) (0.2.0)
Requirement already satisfied: grpcio==1.71.0 in /ext3/miniconda3/envs/venv-darren/lib/python3.11/site-packages (from -r /scratch/dj2565/prompt-optimization/requirements.txt (line 51)) (1.71.0)
Requirement already satisfied: h11==0.14.0 in /ext3/miniconda3/envs/venv-darren/lib/python3.11/site-packages (from -r /scratch/dj2565/prompt-optimization/requirements.txt (line 52)) (0.14.0)
Requirement already satisfied: h5py==3.13.0 in /ext3/miniconda3/envs/venv-darren/lib/python3.11/site-packages (from -r /scratch/dj2565/prompt-optimization/requirements.txt (line 53)) (3.13.0)
Requirement already satisfied: httpcore==1.0.7 in /ext3/miniconda3/envs/venv-darren/lib/python3.11/site-packages (from -r /scratch/dj2565/prompt-optimization/requirements.txt (line 54)) (1.0.7)
Requirement already satisfied: httptools==0.6.4 in /ext3/miniconda3/envs/venv-darren/lib/python3.11/site-packages (from -r /scratch/dj2565/prompt-optimization/requirements.txt (line 55)) (0.6.4)
Requirement already satisfied: httpx==0.28.1 in /ext3/miniconda3/envs/venv-darren/lib/python3.11/site-packages (from -r /scratch/dj2565/prompt-optimization/requirements.txt (line 56)) (0.28.1)
Requirement already satisfied: huggingface-hub==0.29.3 in /ext3/miniconda3/envs/venv-darren/lib/python3.11/site-packages (from -r /scratch/dj2565/prompt-optimization/requirements.txt (line 57)) (0.29.3)
Requirement already satisfied: idna==3.10 in /ext3/miniconda3/envs/venv-darren/lib/python3.11/site-packages (from -r /scratch/dj2565/prompt-optimization/requirements.txt (line 58)) (3.10)
Requirement already satisfied: importlib_metadata==8.6.1 in /ext3/miniconda3/envs/venv-darren/lib/python3.11/site-packages (from -r /scratch/dj2565/prompt-optimization/requirements.txt (line 59)) (8.6.1)
Requirement already satisfied: ipykernel==6.26.0 in /ext3/miniconda3/envs/venv-darren/lib/python3.11/site-packages (from -r /scratch/dj2565/prompt-optimization/requirements.txt (line 60)) (6.26.0)
Requirement already satisfied: ipython==8.17.2 in /ext3/miniconda3/envs/venv-darren/lib/python3.11/site-packages (from -r /scratch/dj2565/prompt-optimization/requirements.txt (line 61)) (8.17.2)
Requirement already satisfied: ipywidgets==8.1.1 in /ext3/miniconda3/envs/venv-darren/lib/python3.11/site-packages (from -r /scratch/dj2565/prompt-optimization/requirements.txt (line 62)) (8.1.1)
Requirement already satisfied: isoduration==20.11.0 in /ext3/miniconda3/envs/venv-darren/lib/python3.11/site-packages (from -r /scratch/dj2565/prompt-optimization/requirements.txt (line 63)) (20.11.0)
Requirement already satisfied: jedi==0.19.2 in /ext3/miniconda3/envs/venv-darren/lib/python3.11/site-packages (from -r /scratch/dj2565/prompt-optimization/requirements.txt (line 64)) (0.19.2)
Requirement already satisfied: Jinja2==3.1.6 in /ext3/miniconda3/envs/venv-darren/lib/python3.11/site-packages (from -r /scratch/dj2565/prompt-optimization/requirements.txt (line 65)) (3.1.6)
Requirement already satisfied: jmespath==1.0.1 in /ext3/miniconda3/envs/venv-darren/lib/python3.11/site-packages (from -r /scratch/dj2565/prompt-optimization/requirements.txt (line 66)) (1.0.1)
Requirement already satisfied: joblib==1.4.2 in /ext3/miniconda3/envs/venv-darren/lib/python3.11/site-packages (from -r /scratch/dj2565/prompt-optimization/requirements.txt (line 67)) (1.4.2)
Requirement already satisfied: json5==0.10.0 in /ext3/miniconda3/envs/venv-darren/lib/python3.11/site-packages (from -r /scratch/dj2565/prompt-optimization/requirements.txt (line 68)) (0.10.0)
Requirement already satisfied: jsonpointer==3.0.0 in /ext3/miniconda3/envs/venv-darren/lib/python3.11/site-packages (from -r /scratch/dj2565/prompt-optimization/requirements.txt (line 69)) (3.0.0)
Requirement already satisfied: jsonschema==4.23.0 in /ext3/miniconda3/envs/venv-darren/lib/python3.11/site-packages (from -r /scratch/dj2565/prompt-optimization/requirements.txt (line 70)) (4.23.0)
Requirement already satisfied: jsonschema-specifications==2024.10.1 in /ext3/miniconda3/envs/venv-darren/lib/python3.11/site-packages (from -r /scratch/dj2565/prompt-optimization/requirements.txt (line 71)) (2024.10.1)
Requirement already satisfied: jupyter-events==0.12.0 in /ext3/miniconda3/envs/venv-darren/lib/python3.11/site-packages (from -r /scratch/dj2565/prompt-optimization/requirements.txt (line 72)) (0.12.0)
Requirement already satisfied: jupyter-lsp==2.2.5 in /ext3/miniconda3/envs/venv-darren/lib/python3.11/site-packages (from -r /scratch/dj2565/prompt-optimization/requirements.txt (line 73)) (2.2.5)
Requirement already satisfied: jupyter_client==8.6.3 in /ext3/miniconda3/envs/venv-darren/lib/python3.11/site-packages (from -r /scratch/dj2565/prompt-optimization/requirements.txt (line 74)) (8.6.3)
Requirement already satisfied: jupyter_core==5.7.2 in /ext3/miniconda3/envs/venv-darren/lib/python3.11/site-packages (from -r /scratch/dj2565/prompt-optimization/requirements.txt (line 75)) (5.7.2)
Requirement already satisfied: jupyter_server==2.15.0 in /ext3/miniconda3/envs/venv-darren/lib/python3.11/site-packages (from -r /scratch/dj2565/prompt-optimization/requirements.txt (line 76)) (2.15.0)
Requirement already satisfied: jupyter_server_terminals==0.5.3 in /ext3/miniconda3/envs/venv-darren/lib/python3.11/site-packages (from -r /scratch/dj2565/prompt-optimization/requirements.txt (line 77)) (0.5.3)
Requirement already satisfied: jupyterlab==4.2.0 in /ext3/miniconda3/envs/venv-darren/lib/python3.11/site-packages (from -r /scratch/dj2565/prompt-optimization/requirements.txt (line 78)) (4.2.0)
Requirement already satisfied: jupyterlab_pygments==0.3.0 in /ext3/miniconda3/envs/venv-darren/lib/python3.11/site-packages (from -r /scratch/dj2565/prompt-optimization/requirements.txt (line 79)) (0.3.0)
Requirement already satisfied: jupyterlab_server==2.27.3 in /ext3/miniconda3/envs/venv-darren/lib/python3.11/site-packages (from -r /scratch/dj2565/prompt-optimization/requirements.txt (line 80)) (2.27.3)
Requirement already satisfied: jupyterlab_widgets==3.0.13 in /ext3/miniconda3/envs/venv-darren/lib/python3.11/site-packages (from -r /scratch/dj2565/prompt-optimization/requirements.txt (line 81)) (3.0.13)
Requirement already satisfied: keras==3.9.0 in /ext3/miniconda3/envs/venv-darren/lib/python3.11/site-packages (from -r /scratch/dj2565/prompt-optimization/requirements.txt (line 82)) (3.9.0)
Requirement already satisfied: kiwisolver==1.4.8 in /ext3/miniconda3/envs/venv-darren/lib/python3.11/site-packages (from -r /scratch/dj2565/prompt-optimization/requirements.txt (line 83)) (1.4.8)
Requirement already satisfied: libclang==18.1.1 in /ext3/miniconda3/envs/venv-darren/lib/python3.11/site-packages (from -r /scratch/dj2565/prompt-optimization/requirements.txt (line 84)) (18.1.1)
Requirement already satisfied: lightning==2.5.1 in /ext3/miniconda3/envs/venv-darren/lib/python3.11/site-packages (from -r /scratch/dj2565/prompt-optimization/requirements.txt (line 85)) (2.5.1)
Requirement already satisfied: lightning-cloud==0.5.70 in /ext3/miniconda3/envs/venv-darren/lib/python3.11/site-packages (from -r /scratch/dj2565/prompt-optimization/requirements.txt (line 86)) (0.5.70)
Requirement already satisfied: lightning-utilities==0.14.2 in /ext3/miniconda3/envs/venv-darren/lib/python3.11/site-packages (from -r /scratch/dj2565/prompt-optimization/requirements.txt (line 87)) (0.14.2)
Requirement already satisfied: lightning_sdk==0.2.4 in /ext3/miniconda3/envs/venv-darren/lib/python3.11/site-packages (from -r /scratch/dj2565/prompt-optimization/requirements.txt (line 88)) (0.2.4)
Requirement already satisfied: litdata==0.2.32 in /ext3/miniconda3/envs/venv-darren/lib/python3.11/site-packages (from -r /scratch/dj2565/prompt-optimization/requirements.txt (line 89)) (0.2.32)
Requirement already satisfied: litserve==0.2.6 in /ext3/miniconda3/envs/venv-darren/lib/python3.11/site-packages (from -r /scratch/dj2565/prompt-optimization/requirements.txt (line 90)) (0.2.6)
Requirement already satisfied: Markdown==3.7 in /ext3/miniconda3/envs/venv-darren/lib/python3.11/site-packages (from -r /scratch/dj2565/prompt-optimization/requirements.txt (line 91)) (3.7)
Requirement already satisfied: markdown-it-py==3.0.0 in /ext3/miniconda3/envs/venv-darren/lib/python3.11/site-packages (from -r /scratch/dj2565/prompt-optimization/requirements.txt (line 92)) (3.0.0)
Requirement already satisfied: MarkupSafe==3.0.2 in /ext3/miniconda3/envs/venv-darren/lib/python3.11/site-packages (from -r /scratch/dj2565/prompt-optimization/requirements.txt (line 93)) (3.0.2)
Requirement already satisfied: matplotlib==3.8.2 in /ext3/miniconda3/envs/venv-darren/lib/python3.11/site-packages (from -r /scratch/dj2565/prompt-optimization/requirements.txt (line 94)) (3.8.2)
Requirement already satisfied: matplotlib-inline==0.1.7 in /ext3/miniconda3/envs/venv-darren/lib/python3.11/site-packages (from -r /scratch/dj2565/prompt-optimization/requirements.txt (line 95)) (0.1.7)
Requirement already satisfied: mdurl==0.1.2 in /ext3/miniconda3/envs/venv-darren/lib/python3.11/site-packages (from -r /scratch/dj2565/prompt-optimization/requirements.txt (line 96)) (0.1.2)
Requirement already satisfied: mistune==3.1.3 in /ext3/miniconda3/envs/venv-darren/lib/python3.11/site-packages (from -r /scratch/dj2565/prompt-optimization/requirements.txt (line 97)) (3.1.3)
Requirement already satisfied: ml_dtypes==0.5.1 in /ext3/miniconda3/envs/venv-darren/lib/python3.11/site-packages (from -r /scratch/dj2565/prompt-optimization/requirements.txt (line 98)) (0.5.1)
Requirement already satisfied: mpmath==1.3.0 in /ext3/miniconda3/envs/venv-darren/lib/python3.11/site-packages (from -r /scratch/dj2565/prompt-optimization/requirements.txt (line 99)) (1.3.0)
Requirement already satisfied: multidict==6.2.0 in /ext3/miniconda3/envs/venv-darren/lib/python3.11/site-packages (from -r /scratch/dj2565/prompt-optimization/requirements.txt (line 100)) (6.2.0)
Requirement already satisfied: namex==0.0.8 in /ext3/miniconda3/envs/venv-darren/lib/python3.11/site-packages (from -r /scratch/dj2565/prompt-optimization/requirements.txt (line 101)) (0.0.8)
Requirement already satisfied: nbclient==0.10.2 in /ext3/miniconda3/envs/venv-darren/lib/python3.11/site-packages (from -r /scratch/dj2565/prompt-optimization/requirements.txt (line 102)) (0.10.2)
Requirement already satisfied: nbconvert==7.16.6 in /ext3/miniconda3/envs/venv-darren/lib/python3.11/site-packages (from -r /scratch/dj2565/prompt-optimization/requirements.txt (line 103)) (7.16.6)
Requirement already satisfied: nbformat==5.10.4 in /ext3/miniconda3/envs/venv-darren/lib/python3.11/site-packages (from -r /scratch/dj2565/prompt-optimization/requirements.txt (line 104)) (5.10.4)
Requirement already satisfied: nest-asyncio==1.6.0 in /ext3/miniconda3/envs/venv-darren/lib/python3.11/site-packages (from -r /scratch/dj2565/prompt-optimization/requirements.txt (line 105)) (1.6.0)
Requirement already satisfied: networkx==3.2.1 in /ext3/miniconda3/envs/venv-darren/lib/python3.11/site-packages (from -r /scratch/dj2565/prompt-optimization/requirements.txt (line 106)) (3.2.1)
Requirement already satisfied: notebook_shim==0.2.4 in /ext3/miniconda3/envs/venv-darren/lib/python3.11/site-packages (from -r /scratch/dj2565/prompt-optimization/requirements.txt (line 107)) (0.2.4)
Requirement already satisfied: numpy==1.26.4 in /ext3/miniconda3/envs/venv-darren/lib/python3.11/site-packages (from -r /scratch/dj2565/prompt-optimization/requirements.txt (line 108)) (1.26.4)
Requirement already satisfied: nvidia-cublas-cu12==12.1.3.1 in /ext3/miniconda3/envs/venv-darren/lib/python3.11/site-packages (from -r /scratch/dj2565/prompt-optimization/requirements.txt (line 109)) (12.1.3.1)
Requirement already satisfied: nvidia-cuda-cupti-cu12==12.1.105 in /ext3/miniconda3/envs/venv-darren/lib/python3.11/site-packages (from -r /scratch/dj2565/prompt-optimization/requirements.txt (line 110)) (12.1.105)
Requirement already satisfied: nvidia-cuda-nvrtc-cu12==12.1.105 in /ext3/miniconda3/envs/venv-darren/lib/python3.11/site-packages (from -r /scratch/dj2565/prompt-optimization/requirements.txt (line 111)) (12.1.105)
Requirement already satisfied: nvidia-cuda-runtime-cu12==12.1.105 in /ext3/miniconda3/envs/venv-darren/lib/python3.11/site-packages (from -r /scratch/dj2565/prompt-optimization/requirements.txt (line 112)) (12.1.105)
Requirement already satisfied: nvidia-cudnn-cu12==8.9.2.26 in /ext3/miniconda3/envs/venv-darren/lib/python3.11/site-packages (from -r /scratch/dj2565/prompt-optimization/requirements.txt (line 113)) (8.9.2.26)
Requirement already satisfied: nvidia-cufft-cu12==11.0.2.54 in /ext3/miniconda3/envs/venv-darren/lib/python3.11/site-packages (from -r /scratch/dj2565/prompt-optimization/requirements.txt (line 114)) (11.0.2.54)
Requirement already satisfied: nvidia-curand-cu12==10.3.2.106 in /ext3/miniconda3/envs/venv-darren/lib/python3.11/site-packages (from -r /scratch/dj2565/prompt-optimization/requirements.txt (line 115)) (10.3.2.106)
Requirement already satisfied: nvidia-cusolver-cu12==11.4.5.107 in /ext3/miniconda3/envs/venv-darren/lib/python3.11/site-packages (from -r /scratch/dj2565/prompt-optimization/requirements.txt (line 116)) (11.4.5.107)
Requirement already satisfied: nvidia-cusparse-cu12==12.1.0.106 in /ext3/miniconda3/envs/venv-darren/lib/python3.11/site-packages (from -r /scratch/dj2565/prompt-optimization/requirements.txt (line 117)) (12.1.0.106)
Requirement already satisfied: nvidia-cusparselt-cu12==0.6.2 in /ext3/miniconda3/envs/venv-darren/lib/python3.11/site-packages (from -r /scratch/dj2565/prompt-optimization/requirements.txt (line 118)) (0.6.2)
Requirement already satisfied: nvidia-nccl-cu12==2.19.3 in /ext3/miniconda3/envs/venv-darren/lib/python3.11/site-packages (from -r /scratch/dj2565/prompt-optimization/requirements.txt (line 119)) (2.19.3)
Requirement already satisfied: nvidia-nvjitlink-cu12==12.4.127 in /ext3/miniconda3/envs/venv-darren/lib/python3.11/site-packages (from -r /scratch/dj2565/prompt-optimization/requirements.txt (line 120)) (12.4.127)
Requirement already satisfied: nvidia-nvtx-cu12==12.1.105 in /ext3/miniconda3/envs/venv-darren/lib/python3.11/site-packages (from -r /scratch/dj2565/prompt-optimization/requirements.txt (line 121)) (12.1.105)
Requirement already satisfied: oauthlib==3.2.2 in /ext3/miniconda3/envs/venv-darren/lib/python3.11/site-packages (from -r /scratch/dj2565/prompt-optimization/requirements.txt (line 122)) (3.2.2)
Requirement already satisfied: opt_einsum==3.4.0 in /ext3/miniconda3/envs/venv-darren/lib/python3.11/site-packages (from -r /scratch/dj2565/prompt-optimization/requirements.txt (line 123)) (3.4.0)
Requirement already satisfied: optree==0.14.1 in /ext3/miniconda3/envs/venv-darren/lib/python3.11/site-packages (from -r /scratch/dj2565/prompt-optimization/requirements.txt (line 124)) (0.14.1)
Requirement already satisfied: overrides==7.7.0 in /ext3/miniconda3/envs/venv-darren/lib/python3.11/site-packages (from -r /scratch/dj2565/prompt-optimization/requirements.txt (line 125)) (7.7.0)
Requirement already satisfied: packaging==24.2 in /ext3/miniconda3/envs/venv-darren/lib/python3.11/site-packages (from -r /scratch/dj2565/prompt-optimization/requirements.txt (line 126)) (24.2)
Requirement already satisfied: pandas==2.1.4 in /ext3/miniconda3/envs/venv-darren/lib/python3.11/site-packages (from -r /scratch/dj2565/prompt-optimization/requirements.txt (line 127)) (2.1.4)
Requirement already satisfied: pandocfilters==1.5.1 in /ext3/miniconda3/envs/venv-darren/lib/python3.11/site-packages (from -r /scratch/dj2565/prompt-optimization/requirements.txt (line 128)) (1.5.1)
Requirement already satisfied: parso==0.8.4 in /ext3/miniconda3/envs/venv-darren/lib/python3.11/site-packages (from -r /scratch/dj2565/prompt-optimization/requirements.txt (line 129)) (0.8.4)
Requirement already satisfied: pexpect==4.9.0 in /ext3/miniconda3/envs/venv-darren/lib/python3.11/site-packages (from -r /scratch/dj2565/prompt-optimization/requirements.txt (line 130)) (4.9.0)
Requirement already satisfied: pillow==11.1.0 in /ext3/miniconda3/envs/venv-darren/lib/python3.11/site-packages (from -r /scratch/dj2565/prompt-optimization/requirements.txt (line 131)) (11.1.0)
Requirement already satisfied: platformdirs==4.3.7 in /ext3/miniconda3/envs/venv-darren/lib/python3.11/site-packages (from -r /scratch/dj2565/prompt-optimization/requirements.txt (line 132)) (4.3.7)
Requirement already satisfied: prometheus_client==0.21.1 in /ext3/miniconda3/envs/venv-darren/lib/python3.11/site-packages (from -r /scratch/dj2565/prompt-optimization/requirements.txt (line 133)) (0.21.1)
Requirement already satisfied: prompt_toolkit==3.0.50 in /ext3/miniconda3/envs/venv-darren/lib/python3.11/site-packages (from -r /scratch/dj2565/prompt-optimization/requirements.txt (line 134)) (3.0.50)
Requirement already satisfied: propcache==0.3.0 in /ext3/miniconda3/envs/venv-darren/lib/python3.11/site-packages (from -r /scratch/dj2565/prompt-optimization/requirements.txt (line 135)) (0.3.0)
Requirement already satisfied: protobuf==5.29.4 in /ext3/miniconda3/envs/venv-darren/lib/python3.11/site-packages (from -r /scratch/dj2565/prompt-optimization/requirements.txt (line 136)) (5.29.4)
Requirement already satisfied: psutil==7.0.0 in /ext3/miniconda3/envs/venv-darren/lib/python3.11/site-packages (from -r /scratch/dj2565/prompt-optimization/requirements.txt (line 137)) (7.0.0)
Requirement already satisfied: ptyprocess==0.7.0 in /ext3/miniconda3/envs/venv-darren/lib/python3.11/site-packages (from -r /scratch/dj2565/prompt-optimization/requirements.txt (line 138)) (0.7.0)
Requirement already satisfied: pure_eval==0.2.3 in /ext3/miniconda3/envs/venv-darren/lib/python3.11/site-packages (from -r /scratch/dj2565/prompt-optimization/requirements.txt (line 139)) (0.2.3)
Requirement already satisfied: pyarrow==19.0.1 in /ext3/miniconda3/envs/venv-darren/lib/python3.11/site-packages (from -r /scratch/dj2565/prompt-optimization/requirements.txt (line 140)) (19.0.1)
Requirement already satisfied: pyasn1==0.6.1 in /ext3/miniconda3/envs/venv-darren/lib/python3.11/site-packages (from -r /scratch/dj2565/prompt-optimization/requirements.txt (line 141)) (0.6.1)
Requirement already satisfied: pyasn1_modules==0.4.1 in /ext3/miniconda3/envs/venv-darren/lib/python3.11/site-packages (from -r /scratch/dj2565/prompt-optimization/requirements.txt (line 142)) (0.4.1)
Requirement already satisfied: pycparser==2.22 in /ext3/miniconda3/envs/venv-darren/lib/python3.11/site-packages (from -r /scratch/dj2565/prompt-optimization/requirements.txt (line 143)) (2.22)
Requirement already satisfied: pydantic==2.10.6 in /ext3/miniconda3/envs/venv-darren/lib/python3.11/site-packages (from -r /scratch/dj2565/prompt-optimization/requirements.txt (line 144)) (2.10.6)
Requirement already satisfied: pydantic_core==2.27.2 in /ext3/miniconda3/envs/venv-darren/lib/python3.11/site-packages (from -r /scratch/dj2565/prompt-optimization/requirements.txt (line 145)) (2.27.2)
Requirement already satisfied: Pygments==2.19.1 in /ext3/miniconda3/envs/venv-darren/lib/python3.11/site-packages (from -r /scratch/dj2565/prompt-optimization/requirements.txt (line 146)) (2.19.1)
Requirement already satisfied: PyJWT==2.10.1 in /ext3/miniconda3/envs/venv-darren/lib/python3.11/site-packages (from -r /scratch/dj2565/prompt-optimization/requirements.txt (line 147)) (2.10.1)
Requirement already satisfied: pyparsing==3.2.1 in /ext3/miniconda3/envs/venv-darren/lib/python3.11/site-packages (from -r /scratch/dj2565/prompt-optimization/requirements.txt (line 148)) (3.2.1)
Requirement already satisfied: python-dateutil==2.9.0.post0 in /ext3/miniconda3/envs/venv-darren/lib/python3.11/site-packages (from -r /scratch/dj2565/prompt-optimization/requirements.txt (line 149)) (2.9.0.post0)
Requirement already satisfied: python-dotenv==1.0.1 in /ext3/miniconda3/envs/venv-darren/lib/python3.11/site-packages (from -r /scratch/dj2565/prompt-optimization/requirements.txt (line 150)) (1.0.1)
Requirement already satisfied: python-json-logger==3.3.0 in /ext3/miniconda3/envs/venv-darren/lib/python3.11/site-packages (from -r /scratch/dj2565/prompt-optimization/requirements.txt (line 151)) (3.3.0)
Requirement already satisfied: python-multipart==0.0.20 in /ext3/miniconda3/envs/venv-darren/lib/python3.11/site-packages (from -r /scratch/dj2565/prompt-optimization/requirements.txt (line 152)) (0.0.20)
Requirement already satisfied: pytorch-lightning==2.5.1 in /ext3/miniconda3/envs/venv-darren/lib/python3.11/site-packages (from -r /scratch/dj2565/prompt-optimization/requirements.txt (line 153)) (2.5.1)
Requirement already satisfied: pytz==2025.1 in /ext3/miniconda3/envs/venv-darren/lib/python3.11/site-packages (from -r /scratch/dj2565/prompt-optimization/requirements.txt (line 154)) (2025.1)
Requirement already satisfied: PyYAML==6.0.2 in /ext3/miniconda3/envs/venv-darren/lib/python3.11/site-packages (from -r /scratch/dj2565/prompt-optimization/requirements.txt (line 155)) (6.0.2)
Requirement already satisfied: pyzmq==26.3.0 in /ext3/miniconda3/envs/venv-darren/lib/python3.11/site-packages (from -r /scratch/dj2565/prompt-optimization/requirements.txt (line 156)) (26.3.0)
Requirement already satisfied: referencing==0.36.2 in /ext3/miniconda3/envs/venv-darren/lib/python3.11/site-packages (from -r /scratch/dj2565/prompt-optimization/requirements.txt (line 157)) (0.36.2)
Requirement already satisfied: regex==2024.11.6 in /ext3/miniconda3/envs/venv-darren/lib/python3.11/site-packages (from -r /scratch/dj2565/prompt-optimization/requirements.txt (line 158)) (2024.11.6)
Requirement already satisfied: requests==2.32.3 in /ext3/miniconda3/envs/venv-darren/lib/python3.11/site-packages (from -r /scratch/dj2565/prompt-optimization/requirements.txt (line 159)) (2.32.3)
Requirement already satisfied: requests-oauthlib==2.0.0 in /ext3/miniconda3/envs/venv-darren/lib/python3.11/site-packages (from -r /scratch/dj2565/prompt-optimization/requirements.txt (line 160)) (2.0.0)
Requirement already satisfied: rfc3339-validator==0.1.4 in /ext3/miniconda3/envs/venv-darren/lib/python3.11/site-packages (from -r /scratch/dj2565/prompt-optimization/requirements.txt (line 161)) (0.1.4)
Requirement already satisfied: rfc3986-validator==0.1.1 in /ext3/miniconda3/envs/venv-darren/lib/python3.11/site-packages (from -r /scratch/dj2565/prompt-optimization/requirements.txt (line 162)) (0.1.1)
Requirement already satisfied: rich==13.9.4 in /ext3/miniconda3/envs/venv-darren/lib/python3.11/site-packages (from -r /scratch/dj2565/prompt-optimization/requirements.txt (line 163)) (13.9.4)
Requirement already satisfied: rpds-py==0.23.1 in /ext3/miniconda3/envs/venv-darren/lib/python3.11/site-packages (from -r /scratch/dj2565/prompt-optimization/requirements.txt (line 164)) (0.23.1)
Requirement already satisfied: rsa==4.9 in /ext3/miniconda3/envs/venv-darren/lib/python3.11/site-packages (from -r /scratch/dj2565/prompt-optimization/requirements.txt (line 165)) (4.9)
Requirement already satisfied: s3transfer==0.11.4 in /ext3/miniconda3/envs/venv-darren/lib/python3.11/site-packages (from -r /scratch/dj2565/prompt-optimization/requirements.txt (line 166)) (0.11.4)
Requirement already satisfied: safetensors==0.5.3 in /ext3/miniconda3/envs/venv-darren/lib/python3.11/site-packages (from -r /scratch/dj2565/prompt-optimization/requirements.txt (line 167)) (0.5.3)
Requirement already satisfied: scikit-learn==1.3.2 in /ext3/miniconda3/envs/venv-darren/lib/python3.11/site-packages (from -r /scratch/dj2565/prompt-optimization/requirements.txt (line 168)) (1.3.2)
Requirement already satisfied: scipy==1.11.4 in /ext3/miniconda3/envs/venv-darren/lib/python3.11/site-packages (from -r /scratch/dj2565/prompt-optimization/requirements.txt (line 169)) (1.11.4)
Requirement already satisfied: Send2Trash==1.8.3 in /ext3/miniconda3/envs/venv-darren/lib/python3.11/site-packages (from -r /scratch/dj2565/prompt-optimization/requirements.txt (line 170)) (1.8.3)
Requirement already satisfied: sentencepiece==0.2.0 in /ext3/miniconda3/envs/venv-darren/lib/python3.11/site-packages (from -r /scratch/dj2565/prompt-optimization/requirements.txt (line 171)) (0.2.0)
Requirement already satisfied: simple-term-menu==1.6.6 in /ext3/miniconda3/envs/venv-darren/lib/python3.11/site-packages (from -r /scratch/dj2565/prompt-optimization/requirements.txt (line 172)) (1.6.6)
Requirement already satisfied: six==1.17.0 in /ext3/miniconda3/envs/venv-darren/lib/python3.11/site-packages (from -r /scratch/dj2565/prompt-optimization/requirements.txt (line 173)) (1.17.0)
Requirement already satisfied: sniffio==1.3.1 in /ext3/miniconda3/envs/venv-darren/lib/python3.11/site-packages (from -r /scratch/dj2565/prompt-optimization/requirements.txt (line 174)) (1.3.1)
Requirement already satisfied: soupsieve==2.6 in /ext3/miniconda3/envs/venv-darren/lib/python3.11/site-packages (from -r /scratch/dj2565/prompt-optimization/requirements.txt (line 175)) (2.6)
Requirement already satisfied: stack-data==0.6.3 in /ext3/miniconda3/envs/venv-darren/lib/python3.11/site-packages (from -r /scratch/dj2565/prompt-optimization/requirements.txt (line 176)) (0.6.3)
Requirement already satisfied: starlette==0.46.1 in /ext3/miniconda3/envs/venv-darren/lib/python3.11/site-packages (from -r /scratch/dj2565/prompt-optimization/requirements.txt (line 177)) (0.46.1)
Requirement already satisfied: sympy==1.13.1 in /ext3/miniconda3/envs/venv-darren/lib/python3.11/site-packages (from -r /scratch/dj2565/prompt-optimization/requirements.txt (line 178)) (1.13.1)
Requirement already satisfied: tensorboard==2.19.0 in /ext3/miniconda3/envs/venv-darren/lib/python3.11/site-packages (from -r /scratch/dj2565/prompt-optimization/requirements.txt (line 179)) (2.19.0)
Requirement already satisfied: tensorboard-data-server==0.7.2 in /ext3/miniconda3/envs/venv-darren/lib/python3.11/site-packages (from -r /scratch/dj2565/prompt-optimization/requirements.txt (line 180)) (0.7.2)
Requirement already satisfied: tensorflow==2.19.0 in /ext3/miniconda3/envs/venv-darren/lib/python3.11/site-packages (from -r /scratch/dj2565/prompt-optimization/requirements.txt (line 181)) (2.19.0)
Requirement already satisfied: tensorflow-io-gcs-filesystem==0.37.1 in /ext3/miniconda3/envs/venv-darren/lib/python3.11/site-packages (from -r /scratch/dj2565/prompt-optimization/requirements.txt (line 182)) (0.37.1)
Requirement already satisfied: termcolor==2.5.0 in /ext3/miniconda3/envs/venv-darren/lib/python3.11/site-packages (from -r /scratch/dj2565/prompt-optimization/requirements.txt (line 183)) (2.5.0)
Requirement already satisfied: terminado==0.18.1 in /ext3/miniconda3/envs/venv-darren/lib/python3.11/site-packages (from -r /scratch/dj2565/prompt-optimization/requirements.txt (line 184)) (0.18.1)
Requirement already satisfied: threadpoolctl==3.6.0 in /ext3/miniconda3/envs/venv-darren/lib/python3.11/site-packages (from -r /scratch/dj2565/prompt-optimization/requirements.txt (line 185)) (3.6.0)
Requirement already satisfied: tinycss2==1.4.0 in /ext3/miniconda3/envs/venv-darren/lib/python3.11/site-packages (from -r /scratch/dj2565/prompt-optimization/requirements.txt (line 186)) (1.4.0)
Requirement already satisfied: tokenizers==0.20.3 in /ext3/miniconda3/envs/venv-darren/lib/python3.11/site-packages (from -r /scratch/dj2565/prompt-optimization/requirements.txt (line 187)) (0.20.3)
Requirement already satisfied: tomli==2.2.1 in /ext3/miniconda3/envs/venv-darren/lib/python3.11/site-packages (from -r /scratch/dj2565/prompt-optimization/requirements.txt (line 188)) (2.2.1)
Requirement already satisfied: torch==2.2.1+cu121 in /ext3/miniconda3/envs/venv-darren/lib/python3.11/site-packages (from -r /scratch/dj2565/prompt-optimization/requirements.txt (line 189)) (2.2.1+cu121)
Requirement already satisfied: torchmetrics==1.3.1 in /ext3/miniconda3/envs/venv-darren/lib/python3.11/site-packages (from -r /scratch/dj2565/prompt-optimization/requirements.txt (line 190)) (1.3.1)
Requirement already satisfied: torchvision==0.17.1+cu121 in /ext3/miniconda3/envs/venv-darren/lib/python3.11/site-packages (from -r /scratch/dj2565/prompt-optimization/requirements.txt (line 191)) (0.17.1+cu121)
Requirement already satisfied: tornado==6.4.2 in /ext3/miniconda3/envs/venv-darren/lib/python3.11/site-packages (from -r /scratch/dj2565/prompt-optimization/requirements.txt (line 192)) (6.4.2)
Requirement already satisfied: tqdm==4.67.1 in /ext3/miniconda3/envs/venv-darren/lib/python3.11/site-packages (from -r /scratch/dj2565/prompt-optimization/requirements.txt (line 193)) (4.67.1)
Requirement already satisfied: traitlets==5.14.3 in /ext3/miniconda3/envs/venv-darren/lib/python3.11/site-packages (from -r /scratch/dj2565/prompt-optimization/requirements.txt (line 194)) (5.14.3)
Requirement already satisfied: transformers==4.45.0 in /ext3/miniconda3/envs/venv-darren/lib/python3.11/site-packages (from -r /scratch/dj2565/prompt-optimization/requirements.txt (line 195)) (4.45.0)
Requirement already satisfied: triton==2.2.0 in /ext3/miniconda3/envs/venv-darren/lib/python3.11/site-packages (from -r /scratch/dj2565/prompt-optimization/requirements.txt (line 196)) (2.2.0)
Requirement already satisfied: types-python-dateutil==2.9.0.20241206 in /ext3/miniconda3/envs/venv-darren/lib/python3.11/site-packages (from -r /scratch/dj2565/prompt-optimization/requirements.txt (line 197)) (2.9.0.20241206)
Requirement already satisfied: typing_extensions==4.12.2 in /ext3/miniconda3/envs/venv-darren/lib/python3.11/site-packages (from -r /scratch/dj2565/prompt-optimization/requirements.txt (line 198)) (4.12.2)
Requirement already satisfied: tzdata==2025.1 in /ext3/miniconda3/envs/venv-darren/lib/python3.11/site-packages (from -r /scratch/dj2565/prompt-optimization/requirements.txt (line 199)) (2025.1)
Requirement already satisfied: uri-template==1.3.0 in /ext3/miniconda3/envs/venv-darren/lib/python3.11/site-packages (from -r /scratch/dj2565/prompt-optimization/requirements.txt (line 200)) (1.3.0)
Requirement already satisfied: urllib3==2.3.0 in /ext3/miniconda3/envs/venv-darren/lib/python3.11/site-packages (from -r /scratch/dj2565/prompt-optimization/requirements.txt (line 201)) (2.3.0)
Requirement already satisfied: uvicorn==0.34.0 in /ext3/miniconda3/envs/venv-darren/lib/python3.11/site-packages (from -r /scratch/dj2565/prompt-optimization/requirements.txt (line 202)) (0.34.0)
Requirement already satisfied: uvloop==0.21.0 in /ext3/miniconda3/envs/venv-darren/lib/python3.11/site-packages (from -r /scratch/dj2565/prompt-optimization/requirements.txt (line 203)) (0.21.0)
Requirement already satisfied: watchfiles==1.0.4 in /ext3/miniconda3/envs/venv-darren/lib/python3.11/site-packages (from -r /scratch/dj2565/prompt-optimization/requirements.txt (line 204)) (1.0.4)
Requirement already satisfied: wcwidth==0.2.13 in /ext3/miniconda3/envs/venv-darren/lib/python3.11/site-packages (from -r /scratch/dj2565/prompt-optimization/requirements.txt (line 205)) (0.2.13)
Requirement already satisfied: webcolors==24.11.1 in /ext3/miniconda3/envs/venv-darren/lib/python3.11/site-packages (from -r /scratch/dj2565/prompt-optimization/requirements.txt (line 206)) (24.11.1)
Requirement already satisfied: webencodings==0.5.1 in /ext3/miniconda3/envs/venv-darren/lib/python3.11/site-packages (from -r /scratch/dj2565/prompt-optimization/requirements.txt (line 207)) (0.5.1)
Requirement already satisfied: websocket-client==1.8.0 in /ext3/miniconda3/envs/venv-darren/lib/python3.11/site-packages (from -r /scratch/dj2565/prompt-optimization/requirements.txt (line 208)) (1.8.0)
Requirement already satisfied: websockets==15.0.1 in /ext3/miniconda3/envs/venv-darren/lib/python3.11/site-packages (from -r /scratch/dj2565/prompt-optimization/requirements.txt (line 209)) (15.0.1)
Requirement already satisfied: Werkzeug==3.1.3 in /ext3/miniconda3/envs/venv-darren/lib/python3.11/site-packages (from -r /scratch/dj2565/prompt-optimization/requirements.txt (line 210)) (3.1.3)
Requirement already satisfied: wget==3.2 in /ext3/miniconda3/envs/venv-darren/lib/python3.11/site-packages (from -r /scratch/dj2565/prompt-optimization/requirements.txt (line 211)) (3.2)
Requirement already satisfied: widgetsnbextension==4.0.13 in /ext3/miniconda3/envs/venv-darren/lib/python3.11/site-packages (from -r /scratch/dj2565/prompt-optimization/requirements.txt (line 212)) (4.0.13)
Requirement already satisfied: wrapt==1.17.2 in /ext3/miniconda3/envs/venv-darren/lib/python3.11/site-packages (from -r /scratch/dj2565/prompt-optimization/requirements.txt (line 213)) (1.17.2)
Requirement already satisfied: yarl==1.18.3 in /ext3/miniconda3/envs/venv-darren/lib/python3.11/site-packages (from -r /scratch/dj2565/prompt-optimization/requirements.txt (line 214)) (1.18.3)
Requirement already satisfied: zipp==3.21.0 in /ext3/miniconda3/envs/venv-darren/lib/python3.11/site-packages (from -r /scratch/dj2565/prompt-optimization/requirements.txt (line 215)) (3.21.0)
Requirement already satisfied: wheel<1.0,>=0.23.0 in /ext3/miniconda3/envs/venv-darren/lib/python3.11/site-packages (from astunparse==1.6.3->-r /scratch/dj2565/prompt-optimization/requirements.txt (line 12)) (0.45.1)
Requirement already satisfied: setuptools in /ext3/miniconda3/envs/venv-darren/lib/python3.11/site-packages (from lightning-utilities==0.14.2->-r /scratch/dj2565/prompt-optimization/requirements.txt (line 87)) (75.8.0)
Start time:  Wed Apr 23 05:49:29 EDT 2025
Running prompt variations for bp_idx [0, 1, ..., 99]
End time:  Wed Apr 23 05:49:29 EDT 2025
